#
# There is insufficient memory for the Java Runtime Environment to continue.
# Native memory allocation (mmap) failed to map 450887680 bytes for G1 virtual space
# Possible reasons:
#   The system is out of physical RAM or swap space
#   The process is running with CompressedOops enabled, and the Java Heap may be blocking the growth of the native heap
# Possible solutions:
#   Reduce memory load on the system
#   Increase physical memory or swap space
#   Check if swap backing store is full
#   Decrease Java heap size (-Xmx/-Xms)
#   Decrease number of Java threads
#   Decrease Java thread stack sizes (-Xss)
#   Set larger code cache with -XX:ReservedCodeCacheSize=
#   JVM is running with Unscaled Compressed Oops mode in which the Java heap is
#     placed in the first 4GB address space. The Java Heap base address is the
#     maximum limit for the native heap growth. Please use -XX:HeapBaseMinAddress
#     to set the Java Heap base and to place the Java Heap above 4GB virtual address.
# This output file may be truncated or incomplete.
#
#  Out of Memory Error (os_windows.cpp:3769), pid=1256, tid=4548
#
# JRE version: OpenJDK Runtime Environment (17.0.6) (build 17.0.6+0-b2043.56-9586694)
# Java VM: OpenJDK 64-Bit Server VM (17.0.6+0-b2043.56-9586694, mixed mode, tiered, compressed oops, compressed class ptrs, g1 gc, windows-amd64)
# No core dump will be written. Minidumps are not enabled by default on client versions of Windows
#

---------------  S U M M A R Y ------------

Command Line: --add-opens=java.base/java.util=ALL-UNNAMED --add-opens=java.base/java.lang=ALL-UNNAMED --add-opens=java.base/java.lang.invoke=ALL-UNNAMED --add-opens=java.prefs/java.util.prefs=ALL-UNNAMED --add-opens=java.base/java.nio.charset=ALL-UNNAMED --add-opens=java.base/java.net=ALL-UNNAMED --add-opens=java.base/java.util.concurrent.atomic=ALL-UNNAMED -Xmx2048m -Dfile.encoding=UTF-8 -Duser.country=RU -Duser.language=ru -Duser.variant org.gradle.launcher.daemon.bootstrap.GradleDaemon 8.0

Host: Intel(R) Core(TM) i3-10110U CPU @ 2.10GHz, 4 cores, 7G,  Windows 11 , 64 bit Build 22621 (10.0.22621.1485)
Time: Wed Apr 26 21:21:52 2023  Windows 11 , 64 bit Build 22621 (10.0.22621.1485) elapsed time: 1105.439059 seconds (0d 0h 18m 25s)

---------------  T H R E A D  ---------------

Current thread (0x000001f16401e620):  VMThread "VM Thread" [stack: 0x000000e558c00000,0x000000e558d00000] [id=4548]

Stack: [0x000000e558c00000,0x000000e558d00000]
Native frames: (J=compiled Java code, j=interpreted, Vv=VM code, C=native code)
V  [jvm.dll+0x683b4a]
V  [jvm.dll+0x842654]
V  [jvm.dll+0x843dfe]
V  [jvm.dll+0x844463]
V  [jvm.dll+0x249b75]
V  [jvm.dll+0x680a19]
V  [jvm.dll+0x674f0a]
V  [jvm.dll+0x309acb]
V  [jvm.dll+0x310f86]
V  [jvm.dll+0x3608ee]
V  [jvm.dll+0x360b1f]
V  [jvm.dll+0x2dfbf8]
V  [jvm.dll+0x2ddec4]
V  [jvm.dll+0x2dd4cc]
V  [jvm.dll+0x321f3b]
V  [jvm.dll+0x84893b]
V  [jvm.dll+0x849674]
V  [jvm.dll+0x849b8d]
V  [jvm.dll+0x849f64]
V  [jvm.dll+0x84a030]
V  [jvm.dll+0x7f25fa]
V  [jvm.dll+0x682985]
C  [ucrtbase.dll+0x29363]
C  [KERNEL32.DLL+0x1269d]
C  [ntdll.dll+0x5a9f8]

VM_Operation (0x000000e55e5fc430): G1CollectForAllocation, mode: safepoint, requested by thread 0x000001f1668c2570


---------------  P R O C E S S  ---------------

Threads class SMR info:
_java_thread_list=0x000001f1704e43c0, length=97, elements={
0x000001f14a0995a0, 0x000001f16367ca00, 0x000001f16367f840, 0x000001f16406b3a0,
0x000001f164048450, 0x000001f1640612c0, 0x000001f164062b30, 0x000001f164063f70,
0x000001f164066c30, 0x000001f164072270, 0x000001f1641e2110, 0x000001f1641e25e0,
0x000001f166ce6450, 0x000001f16682b4a0, 0x000001f166bac7e0, 0x000001f165b3f590,
0x000001f165b3d8b0, 0x000001f165b3dd80, 0x000001f165b3c570, 0x000001f165b3ff30,
0x000001f165b3cf10, 0x000001f165b72a40, 0x000001f165b6ca00, 0x000001f165b720a0,
0x000001f165b6d870, 0x000001f165b733e0, 0x000001f16a9e8be0, 0x000001f16c507f50,
0x000001f16c508420, 0x000001f16b4d0f60, 0x000001f16b4d1430, 0x000001f1668bf550,
0x000001f16b4d1900, 0x000001f16b4d05c0, 0x000001f1705bbe10, 0x000001f1705ba130,
0x000001f1705bb470, 0x000001f1705b8920, 0x000001f16e3a9860, 0x000001f16e3aa6d0,
0x000001f1668c03c0, 0x000001f1668bfa20, 0x000001f164194580, 0x000001f1705bb940,
0x000001f16e3a8520, 0x000001f16e3a89f0, 0x000001f16e3a9d30, 0x000001f16e3a8ec0,
0x000001f16e3ab070, 0x000001f16e3ab540, 0x000001f16e3a8050, 0x000001f16e3aba10,
0x000001f16a9e6560, 0x000001f16a9e6f00, 0x000001f16a9e78a0, 0x000001f16a9e43b0,
0x000001f16a9e3a10, 0x000001f16a9e8240, 0x000001f16a9e8710, 0x000001f16a9e9a50,
0x000001f16a9e9f20, 0x000001f16a9ea8c0, 0x000001f165b6c530, 0x000001f165b71700,
0x000001f165b6ced0, 0x000001f165b6e6e0, 0x000001f165b6ebb0, 0x000001f165b70890,
0x000001f165b71bd0, 0x000001f165b3ca40, 0x000001f165b3ebf0, 0x000001f165b3f0c0,
0x000001f1668c0d60, 0x000001f1705ba600, 0x000001f1705b9c60, 0x000001f1705b8df0,
0x000001f1705bc2e0, 0x000001f1705b92c0, 0x000001f1705baad0, 0x000001f1705bafa0,
0x000001f1705b9790, 0x000001f163527570, 0x000001f163526bd0, 0x000001f1668c1bd0,
0x000001f163526230, 0x000001f1641940b0, 0x000001f165b3e250, 0x000001f1641953f0,
0x000001f1641958c0, 0x000001f164194a50, 0x000001f1668c2570, 0x000001f163524550,
0x000001f163527a40, 0x000001f1668c2a40, 0x000001f1668c2f10, 0x000001f1668c1230,
0x000001f1668c1700
}

Java Threads: ( => current thread )
  0x000001f14a0995a0 JavaThread "main" [_thread_blocked, id=3808, stack(0x000000e558600000,0x000000e558700000)]
  0x000001f16367ca00 JavaThread "Reference Handler" daemon [_thread_blocked, id=8500, stack(0x000000e558d00000,0x000000e558e00000)]
  0x000001f16367f840 JavaThread "Finalizer" daemon [_thread_blocked, id=8576, stack(0x000000e558e00000,0x000000e558f00000)]
  0x000001f16406b3a0 JavaThread "Signal Dispatcher" daemon [_thread_blocked, id=14072, stack(0x000000e558f00000,0x000000e559000000)]
  0x000001f164048450 JavaThread "Attach Listener" daemon [_thread_blocked, id=15520, stack(0x000000e559000000,0x000000e559100000)]
  0x000001f1640612c0 JavaThread "Service Thread" daemon [_thread_blocked, id=10316, stack(0x000000e559100000,0x000000e559200000)]
  0x000001f164062b30 JavaThread "Monitor Deflation Thread" daemon [_thread_blocked, id=13112, stack(0x000000e559200000,0x000000e559300000)]
  0x000001f164063f70 JavaThread "C2 CompilerThread0" daemon [_thread_blocked, id=2628, stack(0x000000e559300000,0x000000e559400000)]
  0x000001f164066c30 JavaThread "C1 CompilerThread0" daemon [_thread_blocked, id=6164, stack(0x000000e559400000,0x000000e559500000)]
  0x000001f164072270 JavaThread "Sweeper thread" daemon [_thread_blocked, id=14096, stack(0x000000e559500000,0x000000e559600000)]
  0x000001f1641e2110 JavaThread "Common-Cleaner" daemon [_thread_blocked, id=6916, stack(0x000000e559600000,0x000000e559700000)]
  0x000001f1641e25e0 JavaThread "Notification Thread" daemon [_thread_blocked, id=16308, stack(0x000000e559700000,0x000000e559800000)]
  0x000001f166ce6450 JavaThread "Daemon health stats" [_thread_blocked, id=16112, stack(0x000000e559d00000,0x000000e559e00000)]
  0x000001f16682b4a0 JavaThread "Incoming local TCP Connector on port 51788" [_thread_in_native, id=11488, stack(0x000000e559e00000,0x000000e559f00000)]
  0x000001f166bac7e0 JavaThread "Daemon periodic checks" [_thread_blocked, id=8100, stack(0x000000e559f00000,0x000000e55a000000)]
  0x000001f165b3f590 JavaThread "Cache worker for journal cache (C:\Users\user\.gradle\caches\journal-1)" [_thread_blocked, id=8692, stack(0x000000e559900000,0x000000e559a00000)]
  0x000001f165b3d8b0 JavaThread "File lock request listener" [_thread_in_native, id=15128, stack(0x000000e55a700000,0x000000e55a800000)]
  0x000001f165b3dd80 JavaThread "Cache worker for file hash cache (C:\Users\user\.gradle\caches\8.0\fileHashes)" [_thread_blocked, id=16344, stack(0x000000e55a800000,0x000000e55a900000)]
  0x000001f165b3c570 JavaThread "File watcher server" daemon [_thread_blocked, id=15956, stack(0x000000e55aa00000,0x000000e55ab00000)]
  0x000001f165b3ff30 JavaThread "File watcher consumer" daemon [_thread_blocked, id=12768, stack(0x000000e55ab00000,0x000000e55ac00000)]
  0x000001f165b3cf10 JavaThread "Cache worker for file content cache (C:\Users\user\.gradle\caches\8.0\fileContent)" [_thread_blocked, id=11816, stack(0x000000e55ad00000,0x000000e55ae00000)]
  0x000001f165b72a40 JavaThread "Cache worker for execution history cache (C:\Users\user\.gradle\caches\8.0\executionHistory)" [_thread_blocked, id=2216, stack(0x000000e55b000000,0x000000e55b100000)]
  0x000001f165b6ca00 JavaThread "jar transforms" [_thread_blocked, id=2400, stack(0x000000e55b200000,0x000000e55b300000)]
  0x000001f165b720a0 JavaThread "jar transforms Thread 2" [_thread_blocked, id=12900, stack(0x000000e55b300000,0x000000e55b400000)]
  0x000001f165b6d870 JavaThread "jar transforms Thread 3" [_thread_blocked, id=6080, stack(0x000000e55b500000,0x000000e55b600000)]
  0x000001f165b733e0 JavaThread "jar transforms Thread 4" [_thread_blocked, id=6588, stack(0x000000e55b600000,0x000000e55b700000)]
  0x000001f16a9e8be0 JavaThread "Memory manager" [_thread_blocked, id=10520, stack(0x000000e55e200000,0x000000e55e300000)]
  0x000001f16c507f50 JavaThread "RMI Scheduler(0)" daemon [_thread_blocked, id=15624, stack(0x000000e55b800000,0x000000e55b900000)]
  0x000001f16c508420 JavaThread "RMI GC Daemon" daemon [_thread_blocked, id=8868, stack(0x000000e55ea00000,0x000000e55eb00000)]
  0x000001f16b4d0f60 JavaThread "RMI TCP Accept-0" daemon [_thread_in_native, id=10448, stack(0x000000e55eb00000,0x000000e55ec00000)]
  0x000001f16b4d1430 JavaThread "RMI Reaper" [_thread_blocked, id=15500, stack(0x000000e55ec00000,0x000000e55ed00000)]
  0x000001f1668bf550 JavaThread "Daemon Thread 4" [_thread_blocked, id=13340, stack(0x000000e558300000,0x000000e558400000)]
  0x000001f16b4d1900 JavaThread "Handler for socket connection from /127.0.0.1:51788 to /127.0.0.1:53864" [_thread_in_native, id=3948, stack(0x000000e558400000,0x000000e558500000)]
  0x000001f16b4d05c0 JavaThread "Cancel handler" [_thread_blocked, id=13148, stack(0x000000e558500000,0x000000e558600000)]
  0x000001f1705bbe10 JavaThread "Daemon worker Thread 4" [_thread_blocked, id=8436, stack(0x000000e55a000000,0x000000e55a100000)]
  0x000001f1705ba130 JavaThread "Asynchronous log dispatcher for DefaultDaemonConnection: socket connection from /127.0.0.1:51788 to /127.0.0.1:53864" [_thread_blocked, id=11472, stack(0x000000e55a100000,0x000000e55a200000)]
  0x000001f1705bb470 JavaThread "Stdin handler" [_thread_blocked, id=432, stack(0x000000e55a200000,0x000000e55a300000)]
  0x000001f1705b8920 JavaThread "Daemon client event forwarder" [_thread_blocked, id=13748, stack(0x000000e55a300000,0x000000e55a400000)]
  0x000001f16e3a9860 JavaThread "Cache worker for checksums cache (C:\Users\user\Documents\GitHub\MobileDevelop\.gradle\8.0\checksums)" [_thread_blocked, id=3092, stack(0x000000e55a400000,0x000000e55a500000)]
  0x000001f16e3aa6d0 JavaThread "Cache worker for cache directory md-rule (C:\Users\user\.gradle\caches\8.0\md-rule)" [_thread_blocked, id=4160, stack(0x000000e55a500000,0x000000e55a600000)]
  0x000001f1668c03c0 JavaThread "Cache worker for file hash cache (C:\Users\user\Documents\GitHub\MobileDevelop\.gradle\8.0\fileHashes)" [_thread_blocked, id=13888, stack(0x000000e55a600000,0x000000e55a700000)]
  0x000001f1668bfa20 JavaThread "Cache worker for cache directory md-supplier (C:\Users\user\.gradle\caches\8.0\md-supplier)" [_thread_blocked, id=13836, stack(0x000000e55a900000,0x000000e55aa00000)]
  0x000001f164194580 JavaThread "Cache worker for dependencies-accessors (C:\Users\user\Documents\GitHub\MobileDevelop\.gradle\8.0\dependencies-accessors)" [_thread_blocked, id=2052, stack(0x000000e55ac00000,0x000000e55ad00000)]
  0x000001f1705bb940 JavaThread "Cache worker for Build Output Cleanup Cache (C:\Users\user\Documents\GitHub\MobileDevelop\.gradle\buildOutputCleanup)" [_thread_blocked, id=15312, stack(0x000000e55ae00000,0x000000e55af00000)]
  0x000001f16e3a8520 JavaThread "Unconstrained build operations" [_thread_blocked, id=15744, stack(0x000000e55af00000,0x000000e55b000000)]
  0x000001f16e3a89f0 JavaThread "Unconstrained build operations Thread 2" [_thread_blocked, id=1864, stack(0x000000e55b100000,0x000000e55b200000)]
  0x000001f16e3a9d30 JavaThread "Unconstrained build operations Thread 3" [_thread_blocked, id=9344, stack(0x000000e55b700000,0x000000e55b800000)]
  0x000001f16e3a8ec0 JavaThread "Unconstrained build operations Thread 4" [_thread_blocked, id=8636, stack(0x000000e55b900000,0x000000e55ba00000)]
  0x000001f16e3ab070 JavaThread "Unconstrained build operations Thread 5" [_thread_blocked, id=7532, stack(0x000000e55ba00000,0x000000e55bb00000)]
  0x000001f16e3ab540 JavaThread "Unconstrained build operations Thread 6" [_thread_blocked, id=8132, stack(0x000000e55bb00000,0x000000e55bc00000)]
  0x000001f16e3a8050 JavaThread "Unconstrained build operations Thread 7" [_thread_blocked, id=10912, stack(0x000000e55bc00000,0x000000e55bd00000)]
  0x000001f16e3aba10 JavaThread "Unconstrained build operations Thread 8" [_thread_blocked, id=11020, stack(0x000000e55bd00000,0x000000e55be00000)]
  0x000001f16a9e6560 JavaThread "Unconstrained build operations Thread 9" [_thread_blocked, id=1100, stack(0x000000e55be00000,0x000000e55bf00000)]
  0x000001f16a9e6f00 JavaThread "Unconstrained build operations Thread 10" [_thread_blocked, id=13380, stack(0x000000e55bf00000,0x000000e55c000000)]
  0x000001f16a9e78a0 JavaThread "Unconstrained build operations Thread 11" [_thread_blocked, id=9752, stack(0x000000e55c000000,0x000000e55c100000)]
  0x000001f16a9e43b0 JavaThread "Unconstrained build operations Thread 12" [_thread_blocked, id=5316, stack(0x000000e55c100000,0x000000e55c200000)]
  0x000001f16a9e3a10 JavaThread "Unconstrained build operations Thread 13" [_thread_blocked, id=5032, stack(0x000000e55c200000,0x000000e55c300000)]
  0x000001f16a9e8240 JavaThread "Unconstrained build operations Thread 14" [_thread_blocked, id=7252, stack(0x000000e55c300000,0x000000e55c400000)]
  0x000001f16a9e8710 JavaThread "Unconstrained build operations Thread 15" [_thread_blocked, id=8860, stack(0x000000e55c400000,0x000000e55c500000)]
  0x000001f16a9e9a50 JavaThread "Unconstrained build operations Thread 16" [_thread_blocked, id=1688, stack(0x000000e55c500000,0x000000e55c600000)]
  0x000001f16a9e9f20 JavaThread "Unconstrained build operations Thread 17" [_thread_blocked, id=1948, stack(0x000000e55c600000,0x000000e55c700000)]
  0x000001f16a9ea8c0 JavaThread "Unconstrained build operations Thread 18" [_thread_blocked, id=10820, stack(0x000000e55c700000,0x000000e55c800000)]
  0x000001f165b6c530 JavaThread "Unconstrained build operations Thread 19" [_thread_blocked, id=14216, stack(0x000000e55c800000,0x000000e55c900000)]
  0x000001f165b71700 JavaThread "Unconstrained build operations Thread 20" [_thread_blocked, id=15008, stack(0x000000e55c900000,0x000000e55ca00000)]
  0x000001f165b6ced0 JavaThread "Unconstrained build operations Thread 21" [_thread_blocked, id=8728, stack(0x000000e55ca00000,0x000000e55cb00000)]
  0x000001f165b6e6e0 JavaThread "Unconstrained build operations Thread 22" [_thread_blocked, id=10668, stack(0x000000e55cb00000,0x000000e55cc00000)]
  0x000001f165b6ebb0 JavaThread "Unconstrained build operations Thread 23" [_thread_blocked, id=11864, stack(0x000000e55cc00000,0x000000e55cd00000)]
  0x000001f165b70890 JavaThread "Unconstrained build operations Thread 24" [_thread_blocked, id=14680, stack(0x000000e55cd00000,0x000000e55ce00000)]
  0x000001f165b71bd0 JavaThread "Unconstrained build operations Thread 25" [_thread_blocked, id=9556, stack(0x000000e55ce00000,0x000000e55cf00000)]
  0x000001f165b3ca40 JavaThread "Unconstrained build operations Thread 26" [_thread_blocked, id=15012, stack(0x000000e55cf00000,0x000000e55d000000)]
  0x000001f165b3ebf0 JavaThread "Unconstrained build operations Thread 27" [_thread_blocked, id=8424, stack(0x000000e55d000000,0x000000e55d100000)]
  0x000001f165b3f0c0 JavaThread "Unconstrained build operations Thread 28" [_thread_blocked, id=14228, stack(0x000000e55d100000,0x000000e55d200000)]
  0x000001f1668c0d60 JavaThread "Unconstrained build operations Thread 29" [_thread_blocked, id=13524, stack(0x000000e55d200000,0x000000e55d300000)]
  0x000001f1705ba600 JavaThread "Unconstrained build operations Thread 30" [_thread_blocked, id=5764, stack(0x000000e55d300000,0x000000e55d400000)]
  0x000001f1705b9c60 JavaThread "Unconstrained build operations Thread 31" [_thread_blocked, id=15220, stack(0x000000e55d400000,0x000000e55d500000)]
  0x000001f1705b8df0 JavaThread "Unconstrained build operations Thread 32" [_thread_blocked, id=2668, stack(0x000000e55d500000,0x000000e55d600000)]
  0x000001f1705bc2e0 JavaThread "Unconstrained build operations Thread 33" [_thread_blocked, id=12892, stack(0x000000e55d600000,0x000000e55d700000)]
  0x000001f1705b92c0 JavaThread "Unconstrained build operations Thread 34" [_thread_blocked, id=5720, stack(0x000000e55d700000,0x000000e55d800000)]
  0x000001f1705baad0 JavaThread "Unconstrained build operations Thread 35" [_thread_blocked, id=10972, stack(0x000000e55d800000,0x000000e55d900000)]
  0x000001f1705bafa0 JavaThread "Unconstrained build operations Thread 36" [_thread_blocked, id=9056, stack(0x000000e55d900000,0x000000e55da00000)]
  0x000001f1705b9790 JavaThread "Unconstrained build operations Thread 37" [_thread_blocked, id=1968, stack(0x000000e55da00000,0x000000e55db00000)]
  0x000001f163527570 JavaThread "Unconstrained build operations Thread 38" [_thread_blocked, id=9652, stack(0x000000e55db00000,0x000000e55dc00000)]
  0x000001f163526bd0 JavaThread "Unconstrained build operations Thread 39" [_thread_blocked, id=2388, stack(0x000000e55dc00000,0x000000e55dd00000)]
  0x000001f1668c1bd0 JavaThread "Unconstrained build operations Thread 40" [_thread_blocked, id=11288, stack(0x000000e55dd00000,0x000000e55de00000)]
  0x000001f163526230 JavaThread "build event listener" [_thread_blocked, id=9836, stack(0x000000e55de00000,0x000000e55df00000)]
  0x000001f1641940b0 JavaThread "included builds" [_thread_blocked, id=5616, stack(0x000000e55df00000,0x000000e55e000000)]
  0x000001f165b3e250 JavaThread "Execution worker" [_thread_blocked, id=14992, stack(0x000000e55e000000,0x000000e55e100000)]
  0x000001f1641953f0 JavaThread "Execution worker Thread 2" [_thread_blocked, id=14660, stack(0x000000e55e100000,0x000000e55e200000)]
  0x000001f1641958c0 JavaThread "Execution worker Thread 3" [_thread_blocked, id=9676, stack(0x000000e55e300000,0x000000e55e400000)]
  0x000001f164194a50 JavaThread "Cache worker for execution history cache (C:\Users\user\Documents\GitHub\MobileDevelop\.gradle\8.0\executionHistory)" [_thread_blocked, id=15824, stack(0x000000e55e400000,0x000000e55e500000)]
  0x000001f1668c2570 JavaThread "WorkerExecutor Queue" [_thread_blocked, id=14172, stack(0x000000e55e500000,0x000000e55e600000)]
  0x000001f163524550 JavaThread "RMI RenewClean-[127.0.0.1:17495,org.jetbrains.kotlin.daemon.common.LoopbackNetworkInterface$ClientLoopbackSocketFactory@5be74214]" daemon [_thread_blocked, id=13292, stack(0x000000e55e600000,0x000000e55e700000)]
  0x000001f163527a40 JavaThread "RMI TCP Connection(9)-127.0.0.1" daemon [_thread_in_native, id=10740, stack(0x000000e55e700000,0x000000e55e800000)]
  0x000001f1668c2a40 JavaThread "WorkerExecutor Queue Thread 2" [_thread_blocked, id=14444, stack(0x000000e55e800000,0x000000e55e900000)]
  0x000001f1668c2f10 JavaThread "WorkerExecutor Queue Thread 3" [_thread_blocked, id=11760, stack(0x000000e55e900000,0x000000e55ea00000)]
  0x000001f1668c1230 JavaThread "WorkerExecutor Queue Thread 4" [_thread_blocked, id=6276, stack(0x000000e55ed00000,0x000000e55ee00000)]
  0x000001f1668c1700 JavaThread "WorkerExecutor Queue Thread 5" [_thread_blocked, id=8092, stack(0x000000e55ee00000,0x000000e55ef00000)]

Other Threads:
=>0x000001f16401e620 VMThread "VM Thread" [stack: 0x000000e558c00000,0x000000e558d00000] [id=4548]
  0x000001f16417aed0 WatcherThread [stack: 0x000000e559800000,0x000000e559900000] [id=1992]
  0x000001f14a0f3b40 GCTaskThread "GC Thread#0" [stack: 0x000000e558700000,0x000000e558800000] [id=10088]
  0x000001f16474a3d0 GCTaskThread "GC Thread#1" [stack: 0x000000e559a00000,0x000000e559b00000] [id=1220]
  0x000001f164367e30 GCTaskThread "GC Thread#2" [stack: 0x000000e559b00000,0x000000e559c00000] [id=5092]
  0x000001f164ddd360 GCTaskThread "GC Thread#3" [stack: 0x000000e559c00000,0x000000e559d00000] [id=10032]
  0x000001f14a104be0 ConcurrentGCThread "G1 Main Marker" [stack: 0x000000e558800000,0x000000e558900000] [id=14596]
  0x000001f14a106c40 ConcurrentGCThread "G1 Conc#0" [stack: 0x000000e558900000,0x000000e558a00000] [id=3468]
  0x000001f14a15e950 ConcurrentGCThread "G1 Refine#0" [stack: 0x000000e558a00000,0x000000e558b00000] [id=15700]
  0x000001f1666ca1a0 ConcurrentGCThread "G1 Refine#1" [stack: 0x000000e55b400000,0x000000e55b500000] [id=16164]
  0x000001f1634e2510 ConcurrentGCThread "G1 Service" [stack: 0x000000e558b00000,0x000000e558c00000] [id=4048]

Threads with active compile tasks:
C2 CompilerThread0  1105492 21836       4       com.android.tools.r8.internal.U3::a (215 bytes)
C1 CompilerThread0  1105492 21859       3       com.android.tools.r8.ir.optimize.B0::a (520 bytes)

VM state: at safepoint (normal execution)

VM Mutex/Monitor currently owned by a thread:  ([mutex/lock_event])
[0x000001f14a0959d0] Threads_lock - owner thread: 0x000001f16401e620
[0x000001f14a094500] Heap_lock - owner thread: 0x000001f1668c2570

Heap address: 0x0000000080000000, size: 2048 MB, Compressed Oops mode: 32-bit

CDS archive(s) not mapped
Compressed class space mapped at: 0x0000000100000000-0x0000000140000000, reserved size: 1073741824
Narrow klass base: 0x0000000000000000, Narrow klass shift: 3, Narrow klass range: 0x140000000

GC Precious Log:
 CPUs: 4 total, 4 available
 Memory: 8044M
 Large Page Support: Disabled
 NUMA Support: Disabled
 Compressed Oops: Enabled (32-bit)
 Heap Region Size: 1M
 Heap Min Capacity: 8M
 Heap Initial Capacity: 126M
 Heap Max Capacity: 2G
 Pre-touch: Disabled
 Parallel Workers: 4
 Concurrent Workers: 1
 Concurrent Refinement Workers: 4
 Periodic GC: Disabled

Heap:
 garbage-first heap   total 245760K, used 136338K [0x0000000080000000, 0x0000000100000000)
  region size 1024K, 9 young (9216K), 9 survivors (9216K)
 Metaspace       used 126673K, committed 127744K, reserved 1163264K
  class space    used 17024K, committed 17536K, reserved 1048576K

Heap Regions: E=young(eden), S=young(survivor), O=old, HS=humongous(starts), HC=humongous(continues), CS=collection set, F=free, OA=open archive, CA=closed archive, TAMS=top-at-mark-start (previous, next)
|   0|0x0000000080000000, 0x0000000080100000, 0x0000000080100000|100%| O|  |TAMS 0x0000000080100000, 0x0000000080100000| Untracked 
|   1|0x0000000080100000, 0x0000000080200000, 0x0000000080200000|100%| O|  |TAMS 0x0000000080200000, 0x0000000080200000| Untracked 
|   2|0x0000000080200000, 0x0000000080300000, 0x0000000080300000|100%|HS|  |TAMS 0x0000000080300000, 0x0000000080300000| Complete 
|   3|0x0000000080300000, 0x0000000080400000, 0x0000000080400000|100%|HC|  |TAMS 0x0000000080400000, 0x0000000080400000| Complete 
|   4|0x0000000080400000, 0x0000000080500000, 0x0000000080500000|100%|HC|  |TAMS 0x0000000080500000, 0x0000000080500000| Complete 
|   5|0x0000000080500000, 0x0000000080600000, 0x0000000080600000|100%|HC|  |TAMS 0x0000000080600000, 0x0000000080600000| Complete 
|   6|0x0000000080600000, 0x0000000080700000, 0x0000000080700000|100%| O|  |TAMS 0x0000000080700000, 0x0000000080700000| Untracked 
|   7|0x0000000080700000, 0x0000000080800000, 0x0000000080800000|100%| O|  |TAMS 0x0000000080800000, 0x0000000080800000| Untracked 
|   8|0x0000000080800000, 0x0000000080900000, 0x0000000080900000|100%| O|  |TAMS 0x0000000080900000, 0x0000000080900000| Untracked 
|   9|0x0000000080900000, 0x0000000080a00000, 0x0000000080a00000|100%| O|  |TAMS 0x0000000080a00000, 0x0000000080a00000| Untracked 
|  10|0x0000000080a00000, 0x0000000080b00000, 0x0000000080b00000|100%| O|  |TAMS 0x0000000080b00000, 0x0000000080b00000| Untracked 
|  11|0x0000000080b00000, 0x0000000080c00000, 0x0000000080c00000|100%| O|  |TAMS 0x0000000080c00000, 0x0000000080c00000| Untracked 
|  12|0x0000000080c00000, 0x0000000080d00000, 0x0000000080d00000|100%| O|  |TAMS 0x0000000080d00000, 0x0000000080d00000| Untracked 
|  13|0x0000000080d00000, 0x0000000080e00000, 0x0000000080e00000|100%| O|  |TAMS 0x0000000080e00000, 0x0000000080e00000| Untracked 
|  14|0x0000000080e00000, 0x0000000080f00000, 0x0000000080f00000|100%| O|  |TAMS 0x0000000080f00000, 0x0000000080f00000| Untracked 
|  15|0x0000000080f00000, 0x0000000081000000, 0x0000000081000000|100%| O|  |TAMS 0x0000000081000000, 0x0000000081000000| Untracked 
|  16|0x0000000081000000, 0x0000000081100000, 0x0000000081100000|100%| O|  |TAMS 0x0000000081100000, 0x0000000081100000| Untracked 
|  17|0x0000000081100000, 0x0000000081200000, 0x0000000081200000|100%| O|  |TAMS 0x0000000081200000, 0x0000000081200000| Untracked 
|  18|0x0000000081200000, 0x0000000081300000, 0x0000000081300000|100%| O|  |TAMS 0x0000000081300000, 0x0000000081300000| Untracked 
|  19|0x0000000081300000, 0x0000000081400000, 0x0000000081400000|100%| O|  |TAMS 0x0000000081400000, 0x0000000081400000| Untracked 
|  20|0x0000000081400000, 0x0000000081500000, 0x0000000081500000|100%| O|  |TAMS 0x0000000081500000, 0x0000000081500000| Untracked 
|  21|0x0000000081500000, 0x0000000081600000, 0x0000000081600000|100%| O|  |TAMS 0x0000000081600000, 0x0000000081600000| Untracked 
|  22|0x0000000081600000, 0x0000000081700000, 0x0000000081700000|100%| O|  |TAMS 0x0000000081700000, 0x0000000081700000| Untracked 
|  23|0x0000000081700000, 0x0000000081800000, 0x0000000081800000|100%| O|  |TAMS 0x0000000081800000, 0x0000000081800000| Untracked 
|  24|0x0000000081800000, 0x0000000081900000, 0x0000000081900000|100%| O|  |TAMS 0x0000000081900000, 0x0000000081900000| Untracked 
|  25|0x0000000081900000, 0x0000000081a00000, 0x0000000081a00000|100%| O|  |TAMS 0x0000000081a00000, 0x0000000081a00000| Untracked 
|  26|0x0000000081a00000, 0x0000000081b00000, 0x0000000081b00000|100%| O|  |TAMS 0x0000000081b00000, 0x0000000081b00000| Untracked 
|  27|0x0000000081b00000, 0x0000000081c00000, 0x0000000081c00000|100%| O|  |TAMS 0x0000000081c00000, 0x0000000081c00000| Untracked 
|  28|0x0000000081c00000, 0x0000000081d00000, 0x0000000081d00000|100%| O|  |TAMS 0x0000000081d00000, 0x0000000081d00000| Untracked 
|  29|0x0000000081d00000, 0x0000000081e00000, 0x0000000081e00000|100%| O|  |TAMS 0x0000000081e00000, 0x0000000081e00000| Untracked 
|  30|0x0000000081e00000, 0x0000000081f00000, 0x0000000081f00000|100%| O|  |TAMS 0x0000000081f00000, 0x0000000081f00000| Untracked 
|  31|0x0000000081f00000, 0x0000000082000000, 0x0000000082000000|100%| O|  |TAMS 0x0000000081f00000, 0x0000000082000000| Untracked 
|  32|0x0000000082000000, 0x0000000082100000, 0x0000000082100000|100%| O|  |TAMS 0x0000000082100000, 0x0000000082100000| Untracked 
|  33|0x0000000082100000, 0x0000000082200000, 0x0000000082200000|100%| O|  |TAMS 0x0000000082200000, 0x0000000082200000| Untracked 
|  34|0x0000000082200000, 0x0000000082300000, 0x0000000082300000|100%| O|  |TAMS 0x0000000082300000, 0x0000000082300000| Untracked 
|  35|0x0000000082300000, 0x0000000082400000, 0x0000000082400000|100%| O|  |TAMS 0x0000000082300000, 0x0000000082400000| Untracked 
|  36|0x0000000082400000, 0x0000000082500000, 0x0000000082500000|100%|HS|  |TAMS 0x0000000082500000, 0x0000000082500000| Complete 
|  37|0x0000000082500000, 0x0000000082600000, 0x0000000082600000|100%|HS|  |TAMS 0x0000000082600000, 0x0000000082600000| Complete 
|  38|0x0000000082600000, 0x0000000082700000, 0x0000000082700000|100%|HC|  |TAMS 0x0000000082700000, 0x0000000082700000| Complete 
|  39|0x0000000082700000, 0x0000000082800000, 0x0000000082800000|100%| O|  |TAMS 0x0000000082800000, 0x0000000082800000| Untracked 
|  40|0x0000000082800000, 0x0000000082900000, 0x0000000082900000|100%|HS|  |TAMS 0x0000000082900000, 0x0000000082900000| Complete 
|  41|0x0000000082900000, 0x0000000082a00000, 0x0000000082a00000|100%| O|  |TAMS 0x0000000082a00000, 0x0000000082a00000| Untracked 
|  42|0x0000000082a00000, 0x0000000082b00000, 0x0000000082b00000|100%| O|  |TAMS 0x0000000082b00000, 0x0000000082b00000| Untracked 
|  43|0x0000000082b00000, 0x0000000082c00000, 0x0000000082c00000|100%|HS|  |TAMS 0x0000000082c00000, 0x0000000082c00000| Complete 
|  44|0x0000000082c00000, 0x0000000082d00000, 0x0000000082d00000|100%|HC|  |TAMS 0x0000000082d00000, 0x0000000082d00000| Complete 
|  45|0x0000000082d00000, 0x0000000082e00000, 0x0000000082e00000|100%|HC|  |TAMS 0x0000000082e00000, 0x0000000082e00000| Complete 
|  46|0x0000000082e00000, 0x0000000082f00000, 0x0000000082f00000|100%|HC|  |TAMS 0x0000000082f00000, 0x0000000082f00000| Complete 
|  47|0x0000000082f00000, 0x0000000083000000, 0x0000000083000000|100%| O|  |TAMS 0x0000000083000000, 0x0000000083000000| Untracked 
|  48|0x0000000083000000, 0x0000000083100000, 0x0000000083100000|100%| O|  |TAMS 0x0000000083100000, 0x0000000083100000| Untracked 
|  49|0x0000000083100000, 0x0000000083200000, 0x0000000083200000|100%| O|  |TAMS 0x0000000083200000, 0x0000000083200000| Untracked 
|  50|0x0000000083200000, 0x0000000083300000, 0x0000000083300000|100%| O|  |TAMS 0x0000000083300000, 0x0000000083300000| Untracked 
|  51|0x0000000083300000, 0x0000000083400000, 0x0000000083400000|100%| O|  |TAMS 0x0000000083400000, 0x0000000083400000| Untracked 
|  52|0x0000000083400000, 0x0000000083500000, 0x0000000083500000|100%| O|  |TAMS 0x0000000083500000, 0x0000000083500000| Untracked 
|  53|0x0000000083500000, 0x0000000083600000, 0x0000000083600000|100%| O|  |TAMS 0x0000000083600000, 0x0000000083600000| Untracked 
|  54|0x0000000083600000, 0x0000000083700000, 0x0000000083700000|100%| O|  |TAMS 0x0000000083700000, 0x0000000083700000| Untracked 
|  55|0x0000000083700000, 0x0000000083800000, 0x0000000083800000|100%| O|  |TAMS 0x0000000083800000, 0x0000000083800000| Untracked 
|  56|0x0000000083800000, 0x0000000083900000, 0x0000000083900000|100%| O|  |TAMS 0x0000000083900000, 0x0000000083900000| Untracked 
|  57|0x0000000083900000, 0x0000000083a00000, 0x0000000083a00000|100%| O|  |TAMS 0x0000000083a00000, 0x0000000083a00000| Untracked 
|  58|0x0000000083a00000, 0x0000000083b00000, 0x0000000083b00000|100%| O|  |TAMS 0x0000000083b00000, 0x0000000083b00000| Untracked 
|  59|0x0000000083b00000, 0x0000000083c00000, 0x0000000083c00000|100%| O|  |TAMS 0x0000000083c00000, 0x0000000083c00000| Untracked 
|  60|0x0000000083c00000, 0x0000000083d00000, 0x0000000083d00000|100%| O|  |TAMS 0x0000000083d00000, 0x0000000083d00000| Untracked 
|  61|0x0000000083d00000, 0x0000000083e00000, 0x0000000083e00000|100%| O|  |TAMS 0x0000000083e00000, 0x0000000083e00000| Untracked 
|  62|0x0000000083e00000, 0x0000000083f00000, 0x0000000083f00000|100%| O|  |TAMS 0x0000000083f00000, 0x0000000083f00000| Untracked 
|  63|0x0000000083f00000, 0x0000000084000000, 0x0000000084000000|100%| O|  |TAMS 0x0000000084000000, 0x0000000084000000| Untracked 
|  64|0x0000000084000000, 0x0000000084100000, 0x0000000084100000|100%| O|  |TAMS 0x0000000084100000, 0x0000000084100000| Untracked 
|  65|0x0000000084100000, 0x0000000084200000, 0x0000000084200000|100%| O|  |TAMS 0x0000000084200000, 0x0000000084200000| Untracked 
|  66|0x0000000084200000, 0x0000000084300000, 0x0000000084300000|100%| O|  |TAMS 0x0000000084300000, 0x0000000084300000| Untracked 
|  67|0x0000000084300000, 0x0000000084400000, 0x0000000084400000|100%| O|  |TAMS 0x0000000084400000, 0x0000000084400000| Untracked 
|  68|0x0000000084400000, 0x0000000084500000, 0x0000000084500000|100%| O|  |TAMS 0x0000000084500000, 0x0000000084500000| Untracked 
|  69|0x0000000084500000, 0x0000000084600000, 0x0000000084600000|100%| O|  |TAMS 0x0000000084600000, 0x0000000084600000| Untracked 
|  70|0x0000000084600000, 0x0000000084700000, 0x0000000084700000|100%| O|  |TAMS 0x0000000084700000, 0x0000000084700000| Untracked 
|  71|0x0000000084700000, 0x0000000084800000, 0x0000000084800000|100%| O|  |TAMS 0x0000000084800000, 0x0000000084800000| Untracked 
|  72|0x0000000084800000, 0x0000000084900000, 0x0000000084900000|100%| O|  |TAMS 0x0000000084900000, 0x0000000084900000| Untracked 
|  73|0x0000000084900000, 0x0000000084a00000, 0x0000000084a00000|100%| O|  |TAMS 0x0000000084a00000, 0x0000000084a00000| Untracked 
|  74|0x0000000084a00000, 0x0000000084b00000, 0x0000000084b00000|100%| O|  |TAMS 0x0000000084b00000, 0x0000000084b00000| Untracked 
|  75|0x0000000084b00000, 0x0000000084c00000, 0x0000000084c00000|100%| O|  |TAMS 0x0000000084c00000, 0x0000000084c00000| Untracked 
|  76|0x0000000084c00000, 0x0000000084d00000, 0x0000000084d00000|100%| O|  |TAMS 0x0000000084d00000, 0x0000000084d00000| Untracked 
|  77|0x0000000084d00000, 0x0000000084e00000, 0x0000000084e00000|100%| O|  |TAMS 0x0000000084e00000, 0x0000000084e00000| Untracked 
|  78|0x0000000084e00000, 0x0000000084f00000, 0x0000000084f00000|100%| O|  |TAMS 0x0000000084f00000, 0x0000000084f00000| Untracked 
|  79|0x0000000084f00000, 0x0000000085000000, 0x0000000085000000|100%| O|  |TAMS 0x0000000085000000, 0x0000000085000000| Untracked 
|  80|0x0000000085000000, 0x0000000085100000, 0x0000000085100000|100%| O|  |TAMS 0x0000000085100000, 0x0000000085100000| Untracked 
|  81|0x0000000085100000, 0x0000000085200000, 0x0000000085200000|100%| O|  |TAMS 0x0000000085200000, 0x0000000085200000| Untracked 
|  82|0x0000000085200000, 0x0000000085300000, 0x0000000085300000|100%| O|  |TAMS 0x0000000085300000, 0x0000000085300000| Untracked 
|  83|0x0000000085300000, 0x0000000085300000, 0x0000000085400000|  0%| F|  |TAMS 0x0000000085300000, 0x0000000085300000| Untracked 
|  84|0x0000000085400000, 0x0000000085500000, 0x0000000085500000|100%| O|  |TAMS 0x0000000085500000, 0x0000000085500000| Untracked 
|  85|0x0000000085500000, 0x0000000085500000, 0x0000000085600000|  0%| F|  |TAMS 0x0000000085500000, 0x0000000085500000| Untracked 
|  86|0x0000000085600000, 0x0000000085600000, 0x0000000085700000|  0%| F|  |TAMS 0x0000000085600000, 0x0000000085600000| Untracked 
|  87|0x0000000085700000, 0x0000000085800000, 0x0000000085800000|100%| O|  |TAMS 0x0000000085800000, 0x0000000085800000| Untracked 
|  88|0x0000000085800000, 0x0000000085800000, 0x0000000085900000|  0%| F|  |TAMS 0x0000000085800000, 0x0000000085800000| Untracked 
|  89|0x0000000085900000, 0x0000000085a00000, 0x0000000085a00000|100%| O|  |TAMS 0x0000000085a00000, 0x0000000085a00000| Untracked 
|  90|0x0000000085a00000, 0x0000000085b00000, 0x0000000085b00000|100%| O|  |TAMS 0x0000000085b00000, 0x0000000085b00000| Untracked 
|  91|0x0000000085b00000, 0x0000000085c00000, 0x0000000085c00000|100%| O|  |TAMS 0x0000000085c00000, 0x0000000085c00000| Untracked 
|  92|0x0000000085c00000, 0x0000000085d00000, 0x0000000085d00000|100%| O|  |TAMS 0x0000000085d00000, 0x0000000085d00000| Untracked 
|  93|0x0000000085d00000, 0x0000000085e00000, 0x0000000085e00000|100%| O|  |TAMS 0x0000000085e00000, 0x0000000085e00000| Untracked 
|  94|0x0000000085e00000, 0x0000000085f00000, 0x0000000085f00000|100%| O|  |TAMS 0x0000000085f00000, 0x0000000085f00000| Untracked 
|  95|0x0000000085f00000, 0x0000000086000000, 0x0000000086000000|100%| O|  |TAMS 0x0000000085f00000, 0x0000000086000000| Untracked 
|  96|0x0000000086000000, 0x0000000086000000, 0x0000000086100000|  0%| F|  |TAMS 0x0000000086000000, 0x0000000086000000| Untracked 
|  97|0x0000000086100000, 0x0000000086200000, 0x0000000086200000|100%| O|  |TAMS 0x0000000086200000, 0x0000000086200000| Untracked 
|  98|0x0000000086200000, 0x0000000086300000, 0x0000000086300000|100%| O|  |TAMS 0x0000000086300000, 0x0000000086300000| Untracked 
|  99|0x0000000086300000, 0x0000000086400000, 0x0000000086400000|100%| O|  |TAMS 0x0000000086400000, 0x0000000086400000| Untracked 
| 100|0x0000000086400000, 0x0000000086500000, 0x0000000086500000|100%| O|  |TAMS 0x0000000086500000, 0x0000000086500000| Untracked 
| 101|0x0000000086500000, 0x0000000086600000, 0x0000000086600000|100%| O|  |TAMS 0x0000000086500000, 0x0000000086600000| Untracked 
| 102|0x0000000086600000, 0x0000000086700000, 0x0000000086700000|100%| O|  |TAMS 0x0000000086700000, 0x0000000086700000| Untracked 
| 103|0x0000000086700000, 0x0000000086800000, 0x0000000086800000|100%| O|  |TAMS 0x0000000086800000, 0x0000000086800000| Untracked 
| 104|0x0000000086800000, 0x0000000086900000, 0x0000000086900000|100%| O|  |TAMS 0x0000000086900000, 0x0000000086900000| Untracked 
| 105|0x0000000086900000, 0x0000000086a00000, 0x0000000086a00000|100%| O|  |TAMS 0x0000000086a00000, 0x0000000086a00000| Untracked 
| 106|0x0000000086a00000, 0x0000000086b00000, 0x0000000086b00000|100%| O|  |TAMS 0x0000000086b00000, 0x0000000086b00000| Untracked 
| 107|0x0000000086b00000, 0x0000000086c00000, 0x0000000086c00000|100%| O|  |TAMS 0x0000000086c00000, 0x0000000086c00000| Untracked 
| 108|0x0000000086c00000, 0x0000000086d00000, 0x0000000086d00000|100%| O|  |TAMS 0x0000000086d00000, 0x0000000086d00000| Untracked 
| 109|0x0000000086d00000, 0x0000000086d00000, 0x0000000086e00000|  0%| F|  |TAMS 0x0000000086d00000, 0x0000000086d00000| Untracked 
| 110|0x0000000086e00000, 0x0000000086f00000, 0x0000000086f00000|100%| O|  |TAMS 0x0000000086f00000, 0x0000000086f00000| Untracked 
| 111|0x0000000086f00000, 0x0000000087000000, 0x0000000087000000|100%| O|  |TAMS 0x0000000087000000, 0x0000000087000000| Untracked 
| 112|0x0000000087000000, 0x0000000087100000, 0x0000000087100000|100%| O|  |TAMS 0x0000000087100000, 0x0000000087100000| Untracked 
| 113|0x0000000087100000, 0x0000000087200000, 0x0000000087200000|100%| O|  |TAMS 0x00000000871be400, 0x0000000087200000| Untracked 
| 114|0x0000000087200000, 0x0000000087300000, 0x0000000087300000|100%| O|  |TAMS 0x0000000087300000, 0x0000000087300000| Untracked 
| 115|0x0000000087300000, 0x0000000087300000, 0x0000000087400000|  0%| F|  |TAMS 0x0000000087300000, 0x0000000087300000| Untracked 
| 116|0x0000000087400000, 0x0000000087500000, 0x0000000087500000|100%| O|  |TAMS 0x0000000087500000, 0x0000000087500000| Untracked 
| 117|0x0000000087500000, 0x0000000087600000, 0x0000000087600000|100%| O|  |TAMS 0x0000000087600000, 0x0000000087600000| Untracked 
| 118|0x0000000087600000, 0x0000000087700000, 0x0000000087700000|100%| O|  |TAMS 0x0000000087600000, 0x0000000087700000| Untracked 
| 119|0x0000000087700000, 0x0000000087800000, 0x0000000087800000|100%| O|  |TAMS 0x0000000087700000, 0x0000000087800000| Untracked 
| 120|0x0000000087800000, 0x0000000087800000, 0x0000000087900000|  0%| F|  |TAMS 0x0000000087800000, 0x0000000087800000| Untracked 
| 121|0x0000000087900000, 0x0000000087a00000, 0x0000000087a00000|100%| O|  |TAMS 0x0000000087a00000, 0x0000000087a00000| Untracked 
| 122|0x0000000087a00000, 0x0000000087b00000, 0x0000000087b00000|100%| O|  |TAMS 0x0000000087b00000, 0x0000000087b00000| Untracked 
| 123|0x0000000087b00000, 0x0000000087b00000, 0x0000000087c00000|  0%| F|  |TAMS 0x0000000087b00000, 0x0000000087b00000| Untracked 
| 124|0x0000000087c00000, 0x0000000087c00000, 0x0000000087d00000|  0%| F|  |TAMS 0x0000000087c00000, 0x0000000087c00000| Untracked 
| 125|0x0000000087d00000, 0x0000000087e00000, 0x0000000087e00000|100%| O|  |TAMS 0x0000000087e00000, 0x0000000087e00000| Untracked 
| 126|0x0000000087e00000, 0x0000000087f00000, 0x0000000087f00000|100%| O|  |TAMS 0x0000000087e00000, 0x0000000087f00000| Untracked 
| 127|0x0000000087f00000, 0x0000000088000000, 0x0000000088000000|100%| O|  |TAMS 0x0000000087f00000, 0x0000000088000000| Untracked 
| 128|0x0000000088000000, 0x0000000088100000, 0x0000000088100000|100%| O|  |TAMS 0x0000000088000000, 0x0000000088100000| Untracked 
| 129|0x0000000088100000, 0x0000000088200000, 0x0000000088200000|100%| O|  |TAMS 0x0000000088100000, 0x0000000088200000| Untracked 
| 130|0x0000000088200000, 0x0000000088300000, 0x0000000088300000|100%| O|  |TAMS 0x0000000088200000, 0x0000000088300000| Untracked 
| 131|0x0000000088300000, 0x0000000088400000, 0x0000000088400000|100%| O|  |TAMS 0x0000000088300000, 0x0000000088400000| Untracked 
| 132|0x0000000088400000, 0x0000000088500000, 0x0000000088500000|100%| O|  |TAMS 0x0000000088400000, 0x0000000088500000| Untracked 
| 133|0x0000000088500000, 0x0000000088600000, 0x0000000088600000|100%| O|  |TAMS 0x0000000088500000, 0x0000000088600000| Untracked 
| 134|0x0000000088600000, 0x0000000088698200, 0x0000000088700000| 59%| O|  |TAMS 0x0000000088600000, 0x0000000088698200| Untracked 
| 135|0x0000000088700000, 0x0000000088700000, 0x0000000088800000|  0%| F|  |TAMS 0x0000000088700000, 0x0000000088700000| Untracked 
| 136|0x0000000088800000, 0x0000000088800000, 0x0000000088900000|  0%| F|  |TAMS 0x0000000088800000, 0x0000000088800000| Untracked 
| 137|0x0000000088900000, 0x0000000088900000, 0x0000000088a00000|  0%| F|  |TAMS 0x0000000088900000, 0x0000000088900000| Untracked 
| 138|0x0000000088a00000, 0x0000000088a00000, 0x0000000088b00000|  0%| F|  |TAMS 0x0000000088a00000, 0x0000000088a00000| Untracked 
| 139|0x0000000088b00000, 0x0000000088b00000, 0x0000000088c00000|  0%| F|  |TAMS 0x0000000088b00000, 0x0000000088b00000| Untracked 
| 140|0x0000000088c00000, 0x0000000088c00000, 0x0000000088d00000|  0%| F|  |TAMS 0x0000000088c00000, 0x0000000088c00000| Untracked 
| 141|0x0000000088d00000, 0x0000000088d00000, 0x0000000088e00000|  0%| F|  |TAMS 0x0000000088d00000, 0x0000000088d00000| Untracked 
| 142|0x0000000088e00000, 0x0000000088e00000, 0x0000000088f00000|  0%| F|  |TAMS 0x0000000088e00000, 0x0000000088e00000| Untracked 
| 143|0x0000000088f00000, 0x0000000088f00000, 0x0000000089000000|  0%| F|  |TAMS 0x0000000088f00000, 0x0000000088f00000| Untracked 
| 144|0x0000000089000000, 0x0000000089000000, 0x0000000089100000|  0%| F|  |TAMS 0x0000000089000000, 0x0000000089000000| Untracked 
| 145|0x0000000089100000, 0x0000000089100000, 0x0000000089200000|  0%| F|  |TAMS 0x0000000089100000, 0x0000000089100000| Untracked 
| 146|0x0000000089200000, 0x0000000089200000, 0x0000000089300000|  0%| F|  |TAMS 0x0000000089200000, 0x0000000089200000| Untracked 
| 147|0x0000000089300000, 0x0000000089300000, 0x0000000089400000|  0%| F|  |TAMS 0x0000000089300000, 0x0000000089300000| Untracked 
| 148|0x0000000089400000, 0x0000000089400000, 0x0000000089500000|  0%| F|  |TAMS 0x0000000089400000, 0x0000000089400000| Untracked 
| 149|0x0000000089500000, 0x0000000089500000, 0x0000000089600000|  0%| F|  |TAMS 0x0000000089500000, 0x0000000089500000| Untracked 
| 150|0x0000000089600000, 0x0000000089600000, 0x0000000089700000|  0%| F|  |TAMS 0x0000000089600000, 0x0000000089600000| Untracked 
| 151|0x0000000089700000, 0x0000000089700000, 0x0000000089800000|  0%| F|  |TAMS 0x0000000089700000, 0x0000000089700000| Untracked 
| 152|0x0000000089800000, 0x0000000089800000, 0x0000000089900000|  0%| F|  |TAMS 0x0000000089800000, 0x0000000089800000| Untracked 
| 153|0x0000000089900000, 0x0000000089900000, 0x0000000089a00000|  0%| F|  |TAMS 0x0000000089900000, 0x0000000089900000| Untracked 
| 154|0x0000000089a00000, 0x0000000089a00000, 0x0000000089b00000|  0%| F|  |TAMS 0x0000000089a00000, 0x0000000089a00000| Untracked 
| 155|0x0000000089b00000, 0x0000000089b00000, 0x0000000089c00000|  0%| F|  |TAMS 0x0000000089b00000, 0x0000000089b00000| Untracked 
| 156|0x0000000089c00000, 0x0000000089c00000, 0x0000000089d00000|  0%| F|  |TAMS 0x0000000089c00000, 0x0000000089c00000| Untracked 
| 157|0x0000000089d00000, 0x0000000089d00000, 0x0000000089e00000|  0%| F|  |TAMS 0x0000000089d00000, 0x0000000089d00000| Untracked 
| 158|0x0000000089e00000, 0x0000000089e00000, 0x0000000089f00000|  0%| F|  |TAMS 0x0000000089e00000, 0x0000000089e00000| Untracked 
| 159|0x0000000089f00000, 0x0000000089f00000, 0x000000008a000000|  0%| F|  |TAMS 0x0000000089f00000, 0x0000000089f00000| Untracked 
| 160|0x000000008a000000, 0x000000008a08c658, 0x000000008a100000| 54%| S|CS|TAMS 0x000000008a000000, 0x000000008a000000| Complete 
| 161|0x000000008a100000, 0x000000008a200000, 0x000000008a200000|100%| S|CS|TAMS 0x000000008a100000, 0x000000008a100000| Complete 
| 162|0x000000008a200000, 0x000000008a300000, 0x000000008a300000|100%| S|CS|TAMS 0x000000008a200000, 0x000000008a200000| Complete 
| 163|0x000000008a300000, 0x000000008a400000, 0x000000008a400000|100%| S|CS|TAMS 0x000000008a300000, 0x000000008a300000| Complete 
| 164|0x000000008a400000, 0x000000008a500000, 0x000000008a500000|100%| S|CS|TAMS 0x000000008a400000, 0x000000008a400000| Complete 
| 165|0x000000008a500000, 0x000000008a600000, 0x000000008a600000|100%| S|CS|TAMS 0x000000008a500000, 0x000000008a500000| Complete 
| 166|0x000000008a600000, 0x000000008a700000, 0x000000008a700000|100%| S|CS|TAMS 0x000000008a600000, 0x000000008a600000| Complete 
| 167|0x000000008a700000, 0x000000008a800000, 0x000000008a800000|100%| S|CS|TAMS 0x000000008a700000, 0x000000008a700000| Complete 
| 168|0x000000008a800000, 0x000000008a900000, 0x000000008a900000|100%| S|CS|TAMS 0x000000008a800000, 0x000000008a800000| Complete 
| 169|0x000000008a900000, 0x000000008a900000, 0x000000008aa00000|  0%| F|  |TAMS 0x000000008a900000, 0x000000008a900000| Untracked 
| 170|0x000000008aa00000, 0x000000008aa00000, 0x000000008ab00000|  0%| F|  |TAMS 0x000000008aa00000, 0x000000008aa00000| Untracked 
| 171|0x000000008ab00000, 0x000000008ab00000, 0x000000008ac00000|  0%| F|  |TAMS 0x000000008ab00000, 0x000000008ab00000| Untracked 
| 172|0x000000008ac00000, 0x000000008ac00000, 0x000000008ad00000|  0%| F|  |TAMS 0x000000008ac00000, 0x000000008ac00000| Untracked 
| 173|0x000000008ad00000, 0x000000008ad00000, 0x000000008ae00000|  0%| F|  |TAMS 0x000000008ad00000, 0x000000008ad00000| Untracked 
| 174|0x000000008ae00000, 0x000000008ae00000, 0x000000008af00000|  0%| F|  |TAMS 0x000000008ae00000, 0x000000008ae00000| Untracked 
| 175|0x000000008af00000, 0x000000008af00000, 0x000000008b000000|  0%| F|  |TAMS 0x000000008af00000, 0x000000008af00000| Untracked 
| 176|0x000000008b000000, 0x000000008b000000, 0x000000008b100000|  0%| F|  |TAMS 0x000000008b000000, 0x000000008b000000| Untracked 
| 177|0x000000008b100000, 0x000000008b100000, 0x000000008b200000|  0%| F|  |TAMS 0x000000008b100000, 0x000000008b100000| Untracked 
| 178|0x000000008b200000, 0x000000008b200000, 0x000000008b300000|  0%| F|  |TAMS 0x000000008b200000, 0x000000008b200000| Untracked 
| 179|0x000000008b300000, 0x000000008b300000, 0x000000008b400000|  0%| F|  |TAMS 0x000000008b300000, 0x000000008b300000| Untracked 
| 180|0x000000008b400000, 0x000000008b400000, 0x000000008b500000|  0%| F|  |TAMS 0x000000008b400000, 0x000000008b400000| Untracked 
| 181|0x000000008b500000, 0x000000008b500000, 0x000000008b600000|  0%| F|  |TAMS 0x000000008b500000, 0x000000008b500000| Untracked 
| 182|0x000000008b600000, 0x000000008b600000, 0x000000008b700000|  0%| F|  |TAMS 0x000000008b600000, 0x000000008b600000| Untracked 
| 183|0x000000008b700000, 0x000000008b700000, 0x000000008b800000|  0%| F|  |TAMS 0x000000008b700000, 0x000000008b700000| Untracked 
| 184|0x000000008b800000, 0x000000008b800000, 0x000000008b900000|  0%| F|  |TAMS 0x000000008b800000, 0x000000008b800000| Untracked 
| 185|0x000000008b900000, 0x000000008b900000, 0x000000008ba00000|  0%| F|  |TAMS 0x000000008b900000, 0x000000008b900000| Untracked 
| 186|0x000000008ba00000, 0x000000008ba00000, 0x000000008bb00000|  0%| F|  |TAMS 0x000000008ba00000, 0x000000008ba00000| Untracked 
| 187|0x000000008bb00000, 0x000000008bb00000, 0x000000008bc00000|  0%| F|  |TAMS 0x000000008bb00000, 0x000000008bb00000| Untracked 
| 188|0x000000008bc00000, 0x000000008bc00000, 0x000000008bd00000|  0%| F|  |TAMS 0x000000008bc00000, 0x000000008bc00000| Untracked 
| 189|0x000000008bd00000, 0x000000008bd00000, 0x000000008be00000|  0%| F|  |TAMS 0x000000008bd00000, 0x000000008bd00000| Untracked 
| 190|0x000000008be00000, 0x000000008be00000, 0x000000008bf00000|  0%| F|  |TAMS 0x000000008be00000, 0x000000008be00000| Untracked 
| 191|0x000000008bf00000, 0x000000008bf00000, 0x000000008c000000|  0%| F|  |TAMS 0x000000008bf00000, 0x000000008bf00000| Untracked 
| 192|0x000000008c000000, 0x000000008c000000, 0x000000008c100000|  0%| F|  |TAMS 0x000000008c000000, 0x000000008c000000| Untracked 
| 193|0x000000008c100000, 0x000000008c100000, 0x000000008c200000|  0%| F|  |TAMS 0x000000008c100000, 0x000000008c100000| Untracked 
| 194|0x000000008c200000, 0x000000008c200000, 0x000000008c300000|  0%| F|  |TAMS 0x000000008c200000, 0x000000008c200000| Untracked 
| 195|0x000000008c300000, 0x000000008c300000, 0x000000008c400000|  0%| F|  |TAMS 0x000000008c300000, 0x000000008c300000| Untracked 
| 196|0x000000008c400000, 0x000000008c400000, 0x000000008c500000|  0%| F|  |TAMS 0x000000008c400000, 0x000000008c400000| Untracked 
| 197|0x000000008c500000, 0x000000008c500000, 0x000000008c600000|  0%| F|  |TAMS 0x000000008c500000, 0x000000008c500000| Untracked 
| 198|0x000000008c600000, 0x000000008c600000, 0x000000008c700000|  0%| F|  |TAMS 0x000000008c600000, 0x000000008c600000| Untracked 
| 199|0x000000008c700000, 0x000000008c700000, 0x000000008c800000|  0%| F|  |TAMS 0x000000008c700000, 0x000000008c700000| Untracked 
| 200|0x000000008c800000, 0x000000008c800000, 0x000000008c900000|  0%| F|  |TAMS 0x000000008c800000, 0x000000008c800000| Untracked 
| 201|0x000000008c900000, 0x000000008c900000, 0x000000008ca00000|  0%| F|  |TAMS 0x000000008c900000, 0x000000008c900000| Untracked 
| 202|0x000000008ca00000, 0x000000008ca00000, 0x000000008cb00000|  0%| F|  |TAMS 0x000000008ca00000, 0x000000008ca00000| Untracked 
| 203|0x000000008cb00000, 0x000000008cb00000, 0x000000008cc00000|  0%| F|  |TAMS 0x000000008cb00000, 0x000000008cb00000| Untracked 
| 204|0x000000008cc00000, 0x000000008cc00000, 0x000000008cd00000|  0%| F|  |TAMS 0x000000008cc00000, 0x000000008cc00000| Untracked 
| 205|0x000000008cd00000, 0x000000008cd00000, 0x000000008ce00000|  0%| F|  |TAMS 0x000000008cd00000, 0x000000008cd00000| Untracked 
| 206|0x000000008ce00000, 0x000000008ce00000, 0x000000008cf00000|  0%| F|  |TAMS 0x000000008ce00000, 0x000000008ce00000| Untracked 
| 207|0x000000008cf00000, 0x000000008cf00000, 0x000000008d000000|  0%| F|  |TAMS 0x000000008cf00000, 0x000000008cf00000| Untracked 
| 208|0x000000008d000000, 0x000000008d000000, 0x000000008d100000|  0%| F|  |TAMS 0x000000008d000000, 0x000000008d000000| Untracked 
| 209|0x000000008d100000, 0x000000008d100000, 0x000000008d200000|  0%| F|  |TAMS 0x000000008d100000, 0x000000008d100000| Untracked 
| 210|0x000000008d200000, 0x000000008d200000, 0x000000008d300000|  0%| F|  |TAMS 0x000000008d200000, 0x000000008d200000| Untracked 
| 211|0x000000008d300000, 0x000000008d300000, 0x000000008d400000|  0%| F|  |TAMS 0x000000008d300000, 0x000000008d300000| Untracked 
| 212|0x000000008d400000, 0x000000008d400000, 0x000000008d500000|  0%| F|  |TAMS 0x000000008d400000, 0x000000008d400000| Untracked 
| 213|0x000000008d500000, 0x000000008d500000, 0x000000008d600000|  0%| F|  |TAMS 0x000000008d500000, 0x000000008d500000| Untracked 
| 214|0x000000008d600000, 0x000000008d600000, 0x000000008d700000|  0%| F|  |TAMS 0x000000008d600000, 0x000000008d600000| Untracked 
| 215|0x000000008d700000, 0x000000008d700000, 0x000000008d800000|  0%| F|  |TAMS 0x000000008d700000, 0x000000008d700000| Untracked 
| 216|0x000000008d800000, 0x000000008d800000, 0x000000008d900000|  0%| F|  |TAMS 0x000000008d800000, 0x000000008d800000| Untracked 
| 217|0x000000008d900000, 0x000000008d900000, 0x000000008da00000|  0%| F|  |TAMS 0x000000008d900000, 0x000000008d900000| Untracked 
| 218|0x000000008da00000, 0x000000008da00000, 0x000000008db00000|  0%| F|  |TAMS 0x000000008da00000, 0x000000008da00000| Untracked 
| 219|0x000000008db00000, 0x000000008db00000, 0x000000008dc00000|  0%| F|  |TAMS 0x000000008db00000, 0x000000008db00000| Untracked 
| 220|0x000000008dc00000, 0x000000008dc00000, 0x000000008dd00000|  0%| F|  |TAMS 0x000000008dc00000, 0x000000008dc00000| Untracked 
| 221|0x000000008dd00000, 0x000000008dd00000, 0x000000008de00000|  0%| F|  |TAMS 0x000000008dd00000, 0x000000008dd00000| Untracked 
| 222|0x000000008de00000, 0x000000008de00000, 0x000000008df00000|  0%| F|  |TAMS 0x000000008de00000, 0x000000008de00000| Untracked 
| 223|0x000000008df00000, 0x000000008df00000, 0x000000008e000000|  0%| F|  |TAMS 0x000000008df00000, 0x000000008df00000| Untracked 
| 224|0x000000008e000000, 0x000000008e000000, 0x000000008e100000|  0%| F|  |TAMS 0x000000008e000000, 0x000000008e000000| Untracked 
| 225|0x000000008e100000, 0x000000008e100000, 0x000000008e200000|  0%| F|  |TAMS 0x000000008e100000, 0x000000008e100000| Untracked 
| 226|0x000000008e200000, 0x000000008e200000, 0x000000008e300000|  0%| F|  |TAMS 0x000000008e200000, 0x000000008e200000| Untracked 
| 227|0x000000008e300000, 0x000000008e300000, 0x000000008e400000|  0%| F|  |TAMS 0x000000008e300000, 0x000000008e300000| Untracked 
| 228|0x000000008e400000, 0x000000008e400000, 0x000000008e500000|  0%| F|  |TAMS 0x000000008e400000, 0x000000008e400000| Untracked 
| 229|0x000000008e500000, 0x000000008e500000, 0x000000008e600000|  0%| F|  |TAMS 0x000000008e500000, 0x000000008e500000| Untracked 
| 230|0x000000008e600000, 0x000000008e600000, 0x000000008e700000|  0%| F|  |TAMS 0x000000008e600000, 0x000000008e600000| Untracked 
| 231|0x000000008e700000, 0x000000008e700000, 0x000000008e800000|  0%| F|  |TAMS 0x000000008e700000, 0x000000008e700000| Untracked 
| 232|0x000000008e800000, 0x000000008e800000, 0x000000008e900000|  0%| F|  |TAMS 0x000000008e800000, 0x000000008e800000| Untracked 
| 233|0x000000008e900000, 0x000000008e900000, 0x000000008ea00000|  0%| F|  |TAMS 0x000000008e900000, 0x000000008e900000| Untracked 
| 234|0x000000008ea00000, 0x000000008ea00000, 0x000000008eb00000|  0%| F|  |TAMS 0x000000008ea00000, 0x000000008ea00000| Untracked 
| 235|0x000000008eb00000, 0x000000008eb00000, 0x000000008ec00000|  0%| F|  |TAMS 0x000000008eb00000, 0x000000008eb00000| Untracked 
| 236|0x000000008ec00000, 0x000000008ec00000, 0x000000008ed00000|  0%| F|  |TAMS 0x000000008ec00000, 0x000000008ec00000| Untracked 
| 237|0x000000008ed00000, 0x000000008ed00000, 0x000000008ee00000|  0%| F|  |TAMS 0x000000008ed00000, 0x000000008ed00000| Untracked 
| 238|0x000000008ee00000, 0x000000008ee00000, 0x000000008ef00000|  0%| F|  |TAMS 0x000000008ee00000, 0x000000008ee00000| Untracked 
| 239|0x000000008ef00000, 0x000000008ef00000, 0x000000008f000000|  0%| F|  |TAMS 0x000000008ef00000, 0x000000008ef00000| Untracked 

Card table byte_map: [0x000001f15c960000,0x000001f15cd60000] _byte_map_base: 0x000001f15c560000

Marking Bits (Prev, Next): (CMBitMap*) 0x000001f14a0f4190, (CMBitMap*) 0x000001f14a0f4150
 Prev Bits: [0x000001f15f160000, 0x000001f161160000)
 Next Bits: [0x000001f15d160000, 0x000001f15f160000)

Polling page: 0x000001f148010000

Metaspace:

Usage:
  Non-class:    107.08 MB used.
      Class:     16.63 MB used.
       Both:    123.70 MB used.

Virtual space:
  Non-class space:      112.00 MB reserved,     107.62 MB ( 96%) committed,  14 nodes.
      Class space:        1.00 GB reserved,      17.12 MB (  2%) committed,  1 nodes.
             Both:        1.11 GB reserved,     124.75 MB ( 11%) committed. 

Chunk freelists:
   Non-Class:  80.00 KB
       Class:  2.73 MB
        Both:  2.81 MB

MaxMetaspaceSize: unlimited
CompressedClassSpaceSize: 1.00 GB
Initial GC threshold: 21.00 MB
Current GC threshold: 206.56 MB
CDS: off
MetaspaceReclaimPolicy: balanced
 - commit_granule_bytes: 65536.
 - commit_granule_words: 8192.
 - virtual_space_node_default_size: 1048576.
 - enlarge_chunks_in_place: 1.
 - new_chunks_are_fully_committed: 0.
 - uncommit_free_chunks: 1.
 - use_allocation_guard: 0.
 - handle_deallocations: 1.


Internal statistics:

num_allocs_failed_limit: 15.
num_arena_births: 1792.
num_arena_deaths: 10.
num_vsnodes_births: 15.
num_vsnodes_deaths: 0.
num_space_committed: 1996.
num_space_uncommitted: 0.
num_chunks_returned_to_freelist: 28.
num_chunks_taken_from_freelist: 6817.
num_chunk_merges: 17.
num_chunk_splits: 4379.
num_chunks_enlarged: 2746.
num_purges: 4.
num_inconsistent_stats: 0.

CodeHeap 'non-profiled nmethods': size=120000Kb used=11346Kb max_used=11346Kb free=108653Kb
 bounds [0x000001f155030000, 0x000001f155b50000, 0x000001f15c560000]
CodeHeap 'profiled nmethods': size=120000Kb used=38273Kb max_used=38273Kb free=81726Kb
 bounds [0x000001f14d560000, 0x000001f14fad0000, 0x000001f154a90000]
CodeHeap 'non-nmethods': size=5760Kb used=2472Kb max_used=2599Kb free=3287Kb
 bounds [0x000001f154a90000, 0x000001f154d20000, 0x000001f155030000]
 total_blobs=19567 nmethods=18557 adapters=920
 compilation: enabled
              stopped_count=0, restarted_count=0
 full_count=0

Compilation events (20 events):
Event: 1105.370 Thread 0x000001f164066c30 nmethod 21846 0x000001f14faab790 code [0x000001f14faab920, 0x000001f14faaba68]
Event: 1105.370 Thread 0x000001f164066c30 21847       3       com.android.tools.r8.graph.h3$c::b (75 bytes)
Event: 1105.370 Thread 0x000001f164066c30 nmethod 21847 0x000001f14faabb10 code [0x000001f14faabcc0, 0x000001f14faabe88]
Event: 1105.371 Thread 0x000001f164066c30 21850   !   3       com.android.tools.r8.ir.optimize.P::a (856 bytes)
Event: 1105.379 Thread 0x000001f164066c30 nmethod 21850 0x000001f14faabf90 code [0x000001f14faac860, 0x000001f14fab2bb8]
Event: 1105.379 Thread 0x000001f164066c30 21854       3       com.android.tools.r8.ir.regalloc.b::b (40 bytes)
Event: 1105.380 Thread 0x000001f164066c30 nmethod 21854 0x000001f14fab4a10 code [0x000001f14fab4c00, 0x000001f14fab5228]
Event: 1105.380 Thread 0x000001f164066c30 21852       3       com.android.tools.r8.ir.optimize.C::a (236 bytes)
Event: 1105.382 Thread 0x000001f164066c30 nmethod 21852 0x000001f14fab5490 code [0x000001f14fab5980, 0x000001f14fab8398]
Event: 1105.382 Thread 0x000001f164066c30 21855       3       com.android.tools.r8.ir.regalloc.b::a (171 bytes)
Event: 1105.383 Thread 0x000001f164066c30 nmethod 21855 0x000001f14fab9010 code [0x000001f14fab92c0, 0x000001f14faba128]
Event: 1105.383 Thread 0x000001f164066c30 21856       3       com.android.tools.r8.internal.Up::hasNext (20 bytes)
Event: 1105.383 Thread 0x000001f164066c30 nmethod 21856 0x000001f14faba690 code [0x000001f14faba820, 0x000001f14faba998]
Event: 1105.383 Thread 0x000001f164066c30 21851       3       com.android.tools.r8.internal.N8::a (7 bytes)
Event: 1105.383 Thread 0x000001f164066c30 nmethod 21851 0x000001f14fabaa90 code [0x000001f14fabac20, 0x000001f14fabade8]
Event: 1105.388 Thread 0x000001f164066c30 21857       3       com.android.tools.r8.ir.regalloc.m::hashCode (32 bytes)
Event: 1105.388 Thread 0x000001f164066c30 nmethod 21857 0x000001f14fabae90 code [0x000001f14fabb040, 0x000001f14fabb268]
Event: 1105.393 Thread 0x000001f164066c30 21858       3       com.android.tools.r8.ir.optimize.B0::a (406 bytes)
Event: 1105.396 Thread 0x000001f164066c30 nmethod 21858 0x000001f14fabb390 code [0x000001f14fabb980, 0x000001f14fabf038]
Event: 1105.396 Thread 0x000001f164066c30 21859       3       com.android.tools.r8.ir.optimize.B0::a (520 bytes)

GC Heap History (20 events):
Event: 600.530 GC heap after
{Heap after GC invocations=54 (full 0):
 garbage-first heap   total 208896K, used 117155K [0x0000000080000000, 0x0000000100000000)
  region size 1024K, 1 young (1024K), 1 survivors (1024K)
 Metaspace       used 123992K, committed 124864K, reserved 1163264K
  class space    used 16908K, committed 17344K, reserved 1048576K
}
Event: 602.677 GC heap before
{Heap before GC invocations=54 (full 0):
 garbage-first heap   total 208896K, used 171427K [0x0000000080000000, 0x0000000100000000)
  region size 1024K, 55 young (56320K), 1 survivors (1024K)
 Metaspace       used 124583K, committed 125440K, reserved 1163264K
  class space    used 16940K, committed 17344K, reserved 1048576K
}
Event: 602.689 GC heap after
{Heap after GC invocations=55 (full 0):
 garbage-first heap   total 208896K, used 124928K [0x0000000080000000, 0x0000000100000000)
  region size 1024K, 7 young (7168K), 7 survivors (7168K)
 Metaspace       used 124583K, committed 125440K, reserved 1163264K
  class space    used 16940K, committed 17344K, reserved 1048576K
}
Event: 607.797 GC heap before
{Heap before GC invocations=56 (full 0):
 garbage-first heap   total 211968K, used 171008K [0x0000000080000000, 0x0000000100000000)
  region size 1024K, 54 young (55296K), 7 survivors (7168K)
 Metaspace       used 125080K, committed 126016K, reserved 1163264K
  class space    used 16957K, committed 17408K, reserved 1048576K
}
Event: 607.817 GC heap after
{Heap after GC invocations=57 (full 0):
 garbage-first heap   total 211968K, used 126132K [0x0000000080000000, 0x0000000100000000)
  region size 1024K, 3 young (3072K), 3 survivors (3072K)
 Metaspace       used 125080K, committed 126016K, reserved 1163264K
  class space    used 16957K, committed 17408K, reserved 1048576K
}
Event: 607.935 GC heap before
{Heap before GC invocations=57 (full 0):
 garbage-first heap   total 211968K, used 132276K [0x0000000080000000, 0x0000000100000000)
  region size 1024K, 10 young (10240K), 3 survivors (3072K)
 Metaspace       used 125142K, committed 126080K, reserved 1163264K
  class space    used 16959K, committed 17408K, reserved 1048576K
}
Event: 607.952 GC heap after
{Heap after GC invocations=58 (full 0):
 garbage-first heap   total 211968K, used 118613K [0x0000000080000000, 0x0000000100000000)
  region size 1024K, 2 young (2048K), 2 survivors (2048K)
 Metaspace       used 125142K, committed 126080K, reserved 1163264K
  class space    used 16959K, committed 17408K, reserved 1048576K
}
Event: 608.089 GC heap before
{Heap before GC invocations=58 (full 0):
 garbage-first heap   total 211968K, used 123733K [0x0000000080000000, 0x0000000100000000)
  region size 1024K, 8 young (8192K), 2 survivors (2048K)
 Metaspace       used 125263K, committed 126208K, reserved 1163264K
  class space    used 16960K, committed 17408K, reserved 1048576K
}
Event: 608.091 GC heap after
{Heap after GC invocations=59 (full 0):
 garbage-first heap   total 211968K, used 117524K [0x0000000080000000, 0x0000000100000000)
  region size 1024K, 1 young (1024K), 1 survivors (1024K)
 Metaspace       used 125263K, committed 126208K, reserved 1163264K
  class space    used 16960K, committed 17408K, reserved 1048576K
}
Event: 656.439 GC heap before
{Heap before GC invocations=60 (full 0):
 garbage-first heap   total 230400K, used 189204K [0x0000000080000000, 0x0000000100000000)
  region size 1024K, 57 young (58368K), 1 survivors (1024K)
 Metaspace       used 125544K, committed 126528K, reserved 1163264K
  class space    used 16985K, committed 17472K, reserved 1048576K
}
Event: 656.450 GC heap after
{Heap after GC invocations=61 (full 0):
 garbage-first heap   total 230400K, used 124538K [0x0000000080000000, 0x0000000100000000)
  region size 1024K, 8 young (8192K), 8 survivors (8192K)
 Metaspace       used 125544K, committed 126528K, reserved 1163264K
  class space    used 16985K, committed 17472K, reserved 1048576K
}
Event: 656.477 GC heap before
{Heap before GC invocations=61 (full 0):
 garbage-first heap   total 230400K, used 127610K [0x0000000080000000, 0x0000000100000000)
  region size 1024K, 11 young (11264K), 8 survivors (8192K)
 Metaspace       used 125550K, committed 126528K, reserved 1163264K
  class space    used 16985K, committed 17472K, reserved 1048576K
}
Event: 656.496 GC heap after
{Heap after GC invocations=62 (full 0):
 garbage-first heap   total 230400K, used 123641K [0x0000000080000000, 0x0000000100000000)
  region size 1024K, 1 young (1024K), 1 survivors (1024K)
 Metaspace       used 125550K, committed 126528K, reserved 1163264K
  class space    used 16985K, committed 17472K, reserved 1048576K
}
Event: 720.368 GC heap before
{Heap before GC invocations=62 (full 0):
 garbage-first heap   total 230400K, used 188153K [0x0000000080000000, 0x0000000100000000)
  region size 1024K, 64 young (65536K), 1 survivors (1024K)
 Metaspace       used 125859K, committed 126848K, reserved 1163264K
  class space    used 17002K, committed 17472K, reserved 1048576K
}
Event: 720.383 GC heap after
{Heap after GC invocations=63 (full 0):
 garbage-first heap   total 230400K, used 131429K [0x0000000080000000, 0x0000000100000000)
  region size 1024K, 8 young (8192K), 8 survivors (8192K)
 Metaspace       used 125859K, committed 126848K, reserved 1163264K
  class space    used 17002K, committed 17472K, reserved 1048576K
}
Event: 1097.572 GC heap before
{Heap before GC invocations=64 (full 0):
 garbage-first heap   total 245760K, used 185701K [0x0000000080000000, 0x0000000100000000)
  region size 1024K, 62 young (63488K), 8 survivors (8192K)
 Metaspace       used 126037K, committed 127040K, reserved 1163264K
  class space    used 17005K, committed 17472K, reserved 1048576K
}
Event: 1097.740 GC heap after
{Heap after GC invocations=65 (full 0):
 garbage-first heap   total 245760K, used 137046K [0x0000000080000000, 0x0000000100000000)
  region size 1024K, 6 young (6144K), 6 survivors (6144K)
 Metaspace       used 126037K, committed 127040K, reserved 1163264K
  class space    used 17005K, committed 17472K, reserved 1048576K
}
Event: 1097.792 GC heap before
{Heap before GC invocations=65 (full 0):
 garbage-first heap   total 245760K, used 142166K [0x0000000080000000, 0x0000000100000000)
  region size 1024K, 12 young (12288K), 6 survivors (6144K)
 Metaspace       used 126037K, committed 127040K, reserved 1163264K
  class space    used 17005K, committed 17472K, reserved 1048576K
}
Event: 1097.832 GC heap after
{Heap after GC invocations=66 (full 0):
 garbage-first heap   total 245760K, used 128608K [0x0000000080000000, 0x0000000100000000)
  region size 1024K, 1 young (1024K), 1 survivors (1024K)
 Metaspace       used 126037K, committed 127040K, reserved 1163264K
  class space    used 17005K, committed 17472K, reserved 1048576K
}
Event: 1105.400 GC heap before
{Heap before GC invocations=66 (full 0):
 garbage-first heap   total 245760K, used 199264K [0x0000000080000000, 0x0000000100000000)
  region size 1024K, 71 young (72704K), 1 survivors (1024K)
 Metaspace       used 126673K, committed 127744K, reserved 1163264K
  class space    used 17024K, committed 17536K, reserved 1048576K
}

Dll operation events (2 events):
Event: 0.009 Loaded shared library C:\Program Files\Android\Android Studio\jbr\bin\java.dll
Event: 0.824 Loaded shared library C:\Program Files\Android\Android Studio\jbr\bin\verify.dll

Deoptimization events (20 events):
Event: 1100.031 Thread 0x000001f1668c2570 Uncommon trap: trap_request=0xffffffc6 fr.pc=0x000001f15532ea3c relative=0x0000000000000c5c
Event: 1100.031 Thread 0x000001f1668c2570 Uncommon trap: reason=bimorphic_or_optimized_type_check action=maybe_recompile pc=0x000001f15532ea3c method=java.util.WeakHashMap.matchesKey(Ljava/util/WeakHashMap$Entry;Ljava/lang/Object;)Z @ 21 c2
Event: 1100.031 Thread 0x000001f1668c2570 DEOPT PACKING pc=0x000001f15532ea3c sp=0x000000e55e5fce80
Event: 1100.031 Thread 0x000001f1668c2570 DEOPT UNPACKING pc=0x000001f154ae69a3 sp=0x000000e55e5fcdf0 mode 2
Event: 1104.520 Thread 0x000001f1641940b0 Uncommon trap: trap_request=0xffffffdc fr.pc=0x000001f155af7df8 relative=0x0000000000000258
Event: 1104.520 Thread 0x000001f1641940b0 Uncommon trap: reason=class_check action=make_not_entrant pc=0x000001f155af7df8 method=java.util.ArrayDeque.toArray(Ljava/lang/Class;)[Ljava/lang/Object; @ 45 c2
Event: 1104.520 Thread 0x000001f1641940b0 DEOPT PACKING pc=0x000001f155af7df8 sp=0x000000e55dffabe0
Event: 1104.520 Thread 0x000001f1641940b0 DEOPT UNPACKING pc=0x000001f154ae69a3 sp=0x000000e55dffab80 mode 2
Event: 1105.193 Thread 0x000001f1668c2570 Uncommon trap: trap_request=0xffffffde fr.pc=0x000001f155681f5c relative=0x000000000000275c
Event: 1105.193 Thread 0x000001f1668c2570 Uncommon trap: reason=class_check action=maybe_recompile pc=0x000001f155681f5c method=com.android.tools.r8.internal.uQ.b(Lcom/android/tools/r8/internal/Rm;)V @ 126 c2
Event: 1105.193 Thread 0x000001f1668c2570 DEOPT PACKING pc=0x000001f155681f5c sp=0x000000e55e5fc650
Event: 1105.193 Thread 0x000001f1668c2570 DEOPT UNPACKING pc=0x000001f154ae69a3 sp=0x000000e55e5fc630 mode 2
Event: 1105.193 Thread 0x000001f1668c2570 Uncommon trap: trap_request=0xffffffde fr.pc=0x000001f155681f5c relative=0x000000000000275c
Event: 1105.193 Thread 0x000001f1668c2570 Uncommon trap: reason=class_check action=maybe_recompile pc=0x000001f155681f5c method=com.android.tools.r8.internal.uQ.b(Lcom/android/tools/r8/internal/Rm;)V @ 126 c2
Event: 1105.193 Thread 0x000001f1668c2570 DEOPT PACKING pc=0x000001f155681f5c sp=0x000000e55e5fc650
Event: 1105.195 Thread 0x000001f1668c2570 DEOPT UNPACKING pc=0x000001f154ae69a3 sp=0x000000e55e5fc630 mode 2
Event: 1105.390 Thread 0x000001f1668c2570 Uncommon trap: trap_request=0xffffffbe fr.pc=0x000001f155374a30 relative=0x0000000000000730
Event: 1105.390 Thread 0x000001f1668c2570 Uncommon trap: reason=profile_predicate action=maybe_recompile pc=0x000001f155374a30 method=com.android.tools.r8.ir.regalloc.b.a(Lcom/android/tools/r8/internal/Rm;Lcom/android/tools/r8/ir/regalloc/a;)Z @ 73 c2
Event: 1105.390 Thread 0x000001f1668c2570 DEOPT PACKING pc=0x000001f155374a30 sp=0x000000e55e5fc0c0
Event: 1105.390 Thread 0x000001f1668c2570 DEOPT UNPACKING pc=0x000001f154ae69a3 sp=0x000000e55e5fc058 mode 2

Classes unloaded (5 events):
Event: 49.637 Thread 0x000001f16401e620 Unloading class 0x0000000100cf4c00 'java/lang/invoke/LambdaForm$DMH+0x0000000100cf4c00'
Event: 49.637 Thread 0x000001f16401e620 Unloading class 0x0000000100cf4000 'java/lang/invoke/LambdaForm$DMH+0x0000000100cf4000'
Event: 49.637 Thread 0x000001f16401e620 Unloading class 0x0000000100cf4800 'java/lang/invoke/LambdaForm$DMH+0x0000000100cf4800'
Event: 538.174 Thread 0x000001f16401e620 Unloading class 0x0000000100e7c400 'java/lang/invoke/LambdaForm$DMH+0x0000000100e7c400'
Event: 538.174 Thread 0x000001f16401e620 Unloading class 0x0000000100dd4400 'jdk/internal/reflect/GeneratedSerializationConstructorAccessor127'

Classes redefined (0 events):
No events

Internal exceptions (20 events):
Event: 1098.304 Thread 0x000001f1705bbe10 Exception <a 'sun/nio/fs/WindowsException'{0x000000008eb81120}> (0x000000008eb81120) 
thrown [s\src\hotspot\share\prims\jni.cpp, line 517]
Event: 1098.375 Thread 0x000001f1705bbe10 Exception <a 'java/lang/NoSuchMethodError'{0x000000008ea9ab40}: 'org.gradle.internal.buildoption.BuildOption$Value org.gradle.api.internal.StartParameterInternal.getIsolatedProjects()'> (0x000000008ea9ab40) 
thrown [s\src\hotspot\share\interpreter\linkResolver.cpp, line 771]
Event: 1098.676 Thread 0x000001f1705bbe10 Exception <a 'sun/nio/fs/WindowsException'{0x000000008de7df08}> (0x000000008de7df08) 
thrown [s\src\hotspot\share\prims\jni.cpp, line 517]
Event: 1098.700 Thread 0x000001f1705bbe10 Exception <a 'sun/nio/fs/WindowsException'{0x000000008dd1ec20}> (0x000000008dd1ec20) 
thrown [s\src\hotspot\share\prims\jni.cpp, line 517]
Event: 1098.700 Thread 0x000001f1705bbe10 Exception <a 'sun/nio/fs/WindowsException'{0x000000008dd1ff98}> (0x000000008dd1ff98) 
thrown [s\src\hotspot\share\prims\jni.cpp, line 517]
Event: 1098.701 Thread 0x000001f1705bbe10 Exception <a 'sun/nio/fs/WindowsException'{0x000000008dd21360}> (0x000000008dd21360) 
thrown [s\src\hotspot\share\prims\jni.cpp, line 517]
Event: 1098.701 Thread 0x000001f1705bbe10 Exception <a 'sun/nio/fs/WindowsException'{0x000000008dd22728}> (0x000000008dd22728) 
thrown [s\src\hotspot\share\prims\jni.cpp, line 517]
Event: 1099.030 Thread 0x000001f165b3e250 Exception <a 'sun/nio/fs/WindowsException'{0x000000008d81d440}> (0x000000008d81d440) 
thrown [s\src\hotspot\share\prims\jni.cpp, line 517]
Event: 1099.904 Thread 0x000001f1641958c0 Exception <a 'sun/nio/fs/WindowsException'{0x000000008be5ea88}> (0x000000008be5ea88) 
thrown [s\src\hotspot\share\prims\jni.cpp, line 517]
Event: 1099.954 Thread 0x000001f1641958c0 Exception <a 'sun/nio/fs/WindowsException'{0x000000008bd1a060}> (0x000000008bd1a060) 
thrown [s\src\hotspot\share\prims\jni.cpp, line 517]
Event: 1100.027 Thread 0x000001f165b3e250 Exception <a 'sun/nio/fs/WindowsException'{0x000000008bae01a0}> (0x000000008bae01a0) 
thrown [s\src\hotspot\share\prims\jni.cpp, line 517]
Event: 1100.036 Thread 0x000001f165b3e250 Exception <a 'sun/nio/fs/WindowsException'{0x000000008b9a1a98}> (0x000000008b9a1a98) 
thrown [s\src\hotspot\share\prims\jni.cpp, line 517]
Event: 1100.063 Thread 0x000001f163524550 Exception <a 'java/lang/InterruptedException'{0x000000008b9d4d90}> (0x000000008b9d4d90) 
thrown [s\src\hotspot\share\runtime\objectMonitor.cpp, line 1648]
Event: 1104.518 Thread 0x000001f1641940b0 Exception <a 'sun/nio/fs/WindowsException'{0x000000008baec6f8}> (0x000000008baec6f8) 
thrown [s\src\hotspot\share\prims\jni.cpp, line 517]
Event: 1104.518 Thread 0x000001f1641940b0 Exception <a 'sun/nio/fs/WindowsException'{0x000000008b55e3f8}> (0x000000008b55e3f8) 
thrown [s\src\hotspot\share\prims\jni.cpp, line 517]
Event: 1104.519 Thread 0x000001f1641940b0 Exception <a 'sun/nio/fs/WindowsException'{0x000000008b55ff58}> (0x000000008b55ff58) 
thrown [s\src\hotspot\share\prims\jni.cpp, line 517]
Event: 1104.647 Thread 0x000001f1668c2570 Exception <a 'sun/nio/fs/WindowsException'{0x000000008b20bed0}> (0x000000008b20bed0) 
thrown [s\src\hotspot\share\prims\jni.cpp, line 517]
Event: 1104.659 Thread 0x000001f1668c2a40 Exception <a 'sun/nio/fs/WindowsException'{0x000000008b2fb740}> (0x000000008b2fb740) 
thrown [s\src\hotspot\share\prims\jni.cpp, line 517]
Event: 1105.240 Thread 0x000001f1668c2a40 Exception <a 'sun/nio/fs/WindowsException'{0x000000008adffc58}> (0x000000008adffc58) 
thrown [s\src\hotspot\share\prims\jni.cpp, line 517]
Event: 1105.269 Thread 0x000001f1668c2a40 Exception <a 'sun/nio/fs/WindowsException'{0x000000008ac05ee8}> (0x000000008ac05ee8) 
thrown [s\src\hotspot\share\prims\jni.cpp, line 517]

VM Operations (20 events):
Event: 969.053 Executing VM operation: Cleanup done
Event: 1042.182 Executing VM operation: Cleanup
Event: 1042.182 Executing VM operation: Cleanup done
Event: 1097.330 Executing VM operation: Cleanup
Event: 1097.330 Executing VM operation: Cleanup done
Event: 1097.571 Executing VM operation: G1CollectForAllocation
Event: 1097.740 Executing VM operation: G1CollectForAllocation done
Event: 1097.792 Executing VM operation: G1CollectForAllocation
Event: 1097.848 Executing VM operation: G1CollectForAllocation done
Event: 1099.572 Executing VM operation: ICBufferFull
Event: 1099.572 Executing VM operation: ICBufferFull done
Event: 1100.572 Executing VM operation: Cleanup
Event: 1100.572 Executing VM operation: Cleanup done
Event: 1103.573 Executing VM operation: Cleanup
Event: 1103.573 Executing VM operation: Cleanup done
Event: 1104.574 Executing VM operation: Cleanup
Event: 1104.590 Executing VM operation: Cleanup done
Event: 1105.393 Executing VM operation: ICBufferFull
Event: 1105.394 Executing VM operation: ICBufferFull done
Event: 1105.400 Executing VM operation: G1CollectForAllocation

Events (20 events):
Event: 1097.570 Thread 0x000001f1705b92c0 Thread added: 0x000001f1705b92c0
Event: 1097.570 Thread 0x000001f1705baad0 Thread added: 0x000001f1705baad0
Event: 1097.570 Thread 0x000001f1705bafa0 Thread added: 0x000001f1705bafa0
Event: 1097.570 Thread 0x000001f1705b9790 Thread added: 0x000001f1705b9790
Event: 1097.570 Thread 0x000001f163527570 Thread added: 0x000001f163527570
Event: 1097.571 Thread 0x000001f163526bd0 Thread added: 0x000001f163526bd0
Event: 1097.747 Thread 0x000001f1668c1bd0 Thread added: 0x000001f1668c1bd0
Event: 1098.082 Thread 0x000001f163526230 Thread added: 0x000001f163526230
Event: 1098.976 Thread 0x000001f1641940b0 Thread added: 0x000001f1641940b0
Event: 1098.977 Thread 0x000001f165b3e250 Thread added: 0x000001f165b3e250
Event: 1098.977 Thread 0x000001f1641953f0 Thread added: 0x000001f1641953f0
Event: 1098.977 Thread 0x000001f1641958c0 Thread added: 0x000001f1641958c0
Event: 1098.984 Thread 0x000001f164194a50 Thread added: 0x000001f164194a50
Event: 1099.783 Thread 0x000001f1668c2570 Thread added: 0x000001f1668c2570
Event: 1100.031 Thread 0x000001f163524550 Thread added: 0x000001f163524550
Event: 1100.181 Thread 0x000001f163527a40 Thread added: 0x000001f163527a40
Event: 1104.631 Thread 0x000001f1668c2a40 Thread added: 0x000001f1668c2a40
Event: 1104.633 Thread 0x000001f1668c2f10 Thread added: 0x000001f1668c2f10
Event: 1104.638 Thread 0x000001f1668c1230 Thread added: 0x000001f1668c1230
Event: 1104.640 Thread 0x000001f1668c1700 Thread added: 0x000001f1668c1700


Dynamic libraries:
0x00007ff7113a0000 - 0x00007ff7113aa000 	C:\Program Files\Android\Android Studio\jbr\bin\java.exe
0x00007ffe2f090000 - 0x00007ffe2f2a4000 	C:\WINDOWS\SYSTEM32\ntdll.dll
0x00007ffe2d9b0000 - 0x00007ffe2da72000 	C:\WINDOWS\System32\KERNEL32.DLL
0x00007ffe2c850000 - 0x00007ffe2cbec000 	C:\WINDOWS\System32\KERNELBASE.dll
0x00007ffe2c730000 - 0x00007ffe2c841000 	C:\WINDOWS\System32\ucrtbase.dll
0x00007ffe1ab60000 - 0x00007ffe1ab7b000 	C:\Program Files\Android\Android Studio\jbr\bin\VCRUNTIME140.dll
0x00007ffe12670000 - 0x00007ffe12687000 	C:\Program Files\Android\Android Studio\jbr\bin\jli.dll
0x00007ffe2da80000 - 0x00007ffe2dc2b000 	C:\WINDOWS\System32\USER32.dll
0x00007ffe2cbf0000 - 0x00007ffe2cc16000 	C:\WINDOWS\System32\win32u.dll
0x00007ffe2d980000 - 0x00007ffe2d9a9000 	C:\WINDOWS\System32\GDI32.dll
0x00007ffe2c4d0000 - 0x00007ffe2c5e3000 	C:\WINDOWS\System32\gdi32full.dll
0x00007ffe2cc20000 - 0x00007ffe2ccba000 	C:\WINDOWS\System32\msvcp_win.dll
0x00007ffe18340000 - 0x00007ffe185ce000 	C:\WINDOWS\WinSxS\amd64_microsoft.windows.common-controls_6595b64144ccf1df_6.0.22621.608_none_a9444ca7c10bb01d\COMCTL32.dll
0x00007ffe2e5d0000 - 0x00007ffe2e677000 	C:\WINDOWS\System32\msvcrt.dll
0x00007ffe2d110000 - 0x00007ffe2d141000 	C:\WINDOWS\System32\IMM32.DLL
0x00007ffe1c660000 - 0x00007ffe1c66c000 	C:\Program Files\Android\Android Studio\jbr\bin\vcruntime140_1.dll
0x00007ffdf0a10000 - 0x00007ffdf0a9d000 	C:\Program Files\Android\Android Studio\jbr\bin\msvcp140.dll
0x00007ffde0060000 - 0x00007ffde0ccd000 	C:\Program Files\Android\Android Studio\jbr\bin\server\jvm.dll
0x00007ffe2d820000 - 0x00007ffe2d8ce000 	C:\WINDOWS\System32\ADVAPI32.dll
0x00007ffe2cfb0000 - 0x00007ffe2d054000 	C:\WINDOWS\System32\sechost.dll
0x00007ffe2ee70000 - 0x00007ffe2ef87000 	C:\WINDOWS\System32\RPCRT4.dll
0x00007ffe24400000 - 0x00007ffe24434000 	C:\WINDOWS\SYSTEM32\WINMM.dll
0x00007ffe1df60000 - 0x00007ffe1df6a000 	C:\WINDOWS\SYSTEM32\VERSION.dll
0x00007ffe0f850000 - 0x00007ffe0f859000 	C:\WINDOWS\SYSTEM32\WSOCK32.dll
0x00007ffe2dde0000 - 0x00007ffe2de51000 	C:\WINDOWS\System32\WS2_32.dll
0x00007ffe2b4e0000 - 0x00007ffe2b4f8000 	C:\WINDOWS\SYSTEM32\kernel.appcore.dll
0x00007ffe1bc60000 - 0x00007ffe1bc6a000 	C:\Program Files\Android\Android Studio\jbr\bin\jimage.dll
0x00007ffe29ec0000 - 0x00007ffe2a0ee000 	C:\WINDOWS\SYSTEM32\DBGHELP.DLL
0x00007ffe2e020000 - 0x00007ffe2e3a9000 	C:\WINDOWS\System32\combase.dll
0x00007ffe2ced0000 - 0x00007ffe2cfa7000 	C:\WINDOWS\System32\OLEAUT32.dll
0x00007ffe0f2c0000 - 0x00007ffe0f2f2000 	C:\WINDOWS\SYSTEM32\dbgcore.DLL
0x00007ffe2c5f0000 - 0x00007ffe2c66b000 	C:\WINDOWS\System32\bcryptPrimitives.dll
0x00007ffe15270000 - 0x00007ffe15295000 	C:\Program Files\Android\Android Studio\jbr\bin\java.dll
0x00007ffe1a040000 - 0x00007ffe1a058000 	C:\Program Files\Android\Android Studio\jbr\bin\zip.dll
0x00007ffe2e680000 - 0x00007ffe2ee70000 	C:\WINDOWS\System32\SHELL32.dll
0x00007ffe2a490000 - 0x00007ffe2ad5d000 	C:\WINDOWS\SYSTEM32\windows.storage.dll
0x00007ffe2a350000 - 0x00007ffe2a48e000 	C:\WINDOWS\SYSTEM32\wintypes.dll
0x00007ffe2d220000 - 0x00007ffe2d311000 	C:\WINDOWS\System32\SHCORE.dll
0x00007ffe2d160000 - 0x00007ffe2d1be000 	C:\WINDOWS\System32\shlwapi.dll
0x00007ffe2c400000 - 0x00007ffe2c421000 	C:\WINDOWS\SYSTEM32\profapi.dll
0x00007ffe167c0000 - 0x00007ffe167d9000 	C:\Program Files\Android\Android Studio\jbr\bin\net.dll
0x00007ffe24210000 - 0x00007ffe24347000 	C:\WINDOWS\SYSTEM32\WINHTTP.dll
0x00007ffe2b950000 - 0x00007ffe2b9b9000 	C:\WINDOWS\system32\mswsock.dll
0x00007ffe15250000 - 0x00007ffe15266000 	C:\Program Files\Android\Android Studio\jbr\bin\nio.dll
0x00007ffe18650000 - 0x00007ffe18660000 	C:\Program Files\Android\Android Studio\jbr\bin\verify.dll
0x00007ffdfbdf0000 - 0x00007ffdfbe17000 	C:\Users\user\.gradle\native\68d5fa5c4cc2d200863cafc0d521ce42e7d3e7ee720ec0a83991735586a16f82\windows-amd64\native-platform.dll
0x00007ffdec760000 - 0x00007ffdec8a4000 	C:\Users\user\.gradle\native\e376f236ea51e6404a007f0833ffe2c6e607c4080706a723a18a27aeea778392\windows-amd64\native-platform-file-events.dll
0x00007ffe1ab50000 - 0x00007ffe1ab59000 	C:\Program Files\Android\Android Studio\jbr\bin\management.dll
0x00007ffe19020000 - 0x00007ffe1902b000 	C:\Program Files\Android\Android Studio\jbr\bin\management_ext.dll
0x00007ffe2dc30000 - 0x00007ffe2dc38000 	C:\WINDOWS\System32\PSAPI.DLL
0x00007ffe2bbd0000 - 0x00007ffe2bbeb000 	C:\WINDOWS\SYSTEM32\CRYPTSP.dll
0x00007ffe2b450000 - 0x00007ffe2b485000 	C:\WINDOWS\system32\rsaenh.dll
0x00007ffe2ba30000 - 0x00007ffe2ba58000 	C:\WINDOWS\SYSTEM32\USERENV.dll
0x00007ffe2bdb0000 - 0x00007ffe2bdd8000 	C:\WINDOWS\SYSTEM32\bcrypt.dll
0x00007ffe2bbf0000 - 0x00007ffe2bbfc000 	C:\WINDOWS\SYSTEM32\CRYPTBASE.dll
0x00007ffe2afb0000 - 0x00007ffe2afdd000 	C:\WINDOWS\SYSTEM32\IPHLPAPI.DLL
0x00007ffe2d150000 - 0x00007ffe2d159000 	C:\WINDOWS\System32\NSI.dll
0x00007ffe24060000 - 0x00007ffe24079000 	C:\WINDOWS\SYSTEM32\dhcpcsvc6.DLL
0x00007ffe24040000 - 0x00007ffe2405f000 	C:\WINDOWS\SYSTEM32\dhcpcsvc.DLL
0x00007ffe2b020000 - 0x00007ffe2b113000 	C:\WINDOWS\SYSTEM32\DNSAPI.dll
0x00007ffe17b70000 - 0x00007ffe17b78000 	C:\WINDOWS\system32\wshunix.dll
0x00007ffe05eb0000 - 0x00007ffe05ec7000 	C:\WINDOWS\system32\napinsp.dll
0x00007ffe05b80000 - 0x00007ffe05b9b000 	C:\WINDOWS\system32\pnrpnsp.dll
0x00007ffe05b60000 - 0x00007ffe05b71000 	C:\WINDOWS\System32\winrnr.dll
0x00007ffe05b40000 - 0x00007ffe05b55000 	C:\WINDOWS\system32\wshbth.dll
0x00007ffe05b10000 - 0x00007ffe05b31000 	C:\WINDOWS\system32\nlansp_c.dll
0x00007ffe25bc0000 - 0x00007ffe25bca000 	C:\Windows\System32\rasadhlp.dll
0x00007ffe23a10000 - 0x00007ffe23a93000 	C:\WINDOWS\System32\fwpuclnt.dll
0x00007ffe1b930000 - 0x00007ffe1b94e000 	C:\Users\user\AppData\Local\Temp\native-platform11517970973510698077dir\native-platform.dll
0x00007ffe27640000 - 0x00007ffe27647000 	C:\Program Files\Android\Android Studio\jbr\bin\rmi.dll

dbghelp: loaded successfully - version: 4.0.5 - missing functions: none
symbol engine: initialized successfully - sym options: 0x614 - pdb path: .;C:\Program Files\Android\Android Studio\jbr\bin;C:\WINDOWS\SYSTEM32;C:\WINDOWS\WinSxS\amd64_microsoft.windows.common-controls_6595b64144ccf1df_6.0.22621.608_none_a9444ca7c10bb01d;C:\Program Files\Android\Android Studio\jbr\bin\server;C:\Users\user\.gradle\native\68d5fa5c4cc2d200863cafc0d521ce42e7d3e7ee720ec0a83991735586a16f82\windows-amd64;C:\Users\user\.gradle\native\e376f236ea51e6404a007f0833ffe2c6e607c4080706a723a18a27aeea778392\windows-amd64;C:\Users\user\AppData\Local\Temp\native-platform11517970973510698077dir

VM Arguments:
jvm_args: --add-opens=java.base/java.util=ALL-UNNAMED --add-opens=java.base/java.lang=ALL-UNNAMED --add-opens=java.base/java.lang.invoke=ALL-UNNAMED --add-opens=java.prefs/java.util.prefs=ALL-UNNAMED --add-opens=java.base/java.nio.charset=ALL-UNNAMED --add-opens=java.base/java.net=ALL-UNNAMED --add-opens=java.base/java.util.concurrent.atomic=ALL-UNNAMED -Xmx2048m -Dfile.encoding=UTF-8 -Duser.country=RU -Duser.language=ru -Duser.variant 
java_command: org.gradle.launcher.daemon.bootstrap.GradleDaemon 8.0
java_class_path (initial): C:\Users\user\.gradle\wrapper\dists\gradle-8.0-bin\ca5e32bp14vu59qr306oxotwh\gradle-8.0\lib\gradle-launcher-8.0.jar
Launcher Type: SUN_STANDARD

[Global flags]
     intx CICompilerCount                          = 3                                         {product} {ergonomic}
     uint ConcGCThreads                            = 1                                         {product} {ergonomic}
     uint G1ConcRefinementThreads                  = 4                                         {product} {ergonomic}
   size_t G1HeapRegionSize                         = 1048576                                   {product} {ergonomic}
    uintx GCDrainStackTargetSize                   = 64                                        {product} {ergonomic}
   size_t InitialHeapSize                          = 132120576                                 {product} {ergonomic}
   size_t MarkStackSize                            = 4194304                                   {product} {ergonomic}
   size_t MaxHeapSize                              = 2147483648                                {product} {command line}
   size_t MaxNewSize                               = 1287651328                                {product} {ergonomic}
   size_t MinHeapDeltaBytes                        = 1048576                                   {product} {ergonomic}
   size_t MinHeapSize                              = 8388608                                   {product} {ergonomic}
    uintx NonNMethodCodeHeapSize                   = 5832780                                {pd product} {ergonomic}
    uintx NonProfiledCodeHeapSize                  = 122912730                              {pd product} {ergonomic}
    uintx ProfiledCodeHeapSize                     = 122912730                              {pd product} {ergonomic}
    uintx ReservedCodeCacheSize                    = 251658240                              {pd product} {ergonomic}
     bool SegmentedCodeCache                       = true                                      {product} {ergonomic}
   size_t SoftMaxHeapSize                          = 2147483648                             {manageable} {ergonomic}
     bool UseCompressedClassPointers               = true                           {product lp64_product} {ergonomic}
     bool UseCompressedOops                        = true                           {product lp64_product} {ergonomic}
     bool UseG1GC                                  = true                                      {product} {ergonomic}
     bool UseLargePagesIndividualAllocation        = false                                  {pd product} {ergonomic}

Logging:
Log output configuration:
 #0: stdout all=warning uptime,level,tags
 #1: stderr all=off uptime,level,tags

Environment Variables:
PATH=C:\Program Files (x86)\Common Files\Oracle\Java\javapath;C:\ProgramData\Oracle\Java\javapath;C:\WINDOWS\system32;C:\WINDOWS;C:\WINDOWS\System32\Wbem;C:\WINDOWS\System32\WindowsPowerShell\v1.0\;C:\WINDOWS\System32\OpenSSH\;C:\Program Files\PuTTY\;C:\Program Files\nodejs\;C:\Program Files\Git\cmd;C:\Program Files\Docker\Docker\resources\bin;C:\ProgramData\DockerDesktop\version-bin;C:\php;C:\composer;C:\Users\user\.cargo\bin;C:\Users\user\AppData\Local\Programs\Python\Python310\Scripts\;C:\Users\user\AppData\Local\Programs\Python\Python310\;C:\Users\user\AppData\Local\Microsoft\WindowsApps;C:\Users\user\AppData\Local\atom\bin;C:\Users\user\AppData\Local\GitHubDesktop\bin;C:\Program Files\JetBrains\GoLand 2021.2.3\bin;;C:\Program Files\JetBrains\PyCharm Community Edition 2021.3\bin;;C:\Program Files\JetBrains\WebStorm 2022.3.2\bin;;C:\Users\user\AppData\Roaming\npm;C:\Program Files\JetBrains\DataGrip 2021.3.4\bin;;C:\Users\user\AppData\Local\Microsoft\WindowsApps;C:\Users\user\AppData\Local\Programs\Microsoft VS Code\bin;C:\php;C:\Users\user\AppData\Roaming\Composer\vendor\bin;C:\mingw64\bin;
USERNAME=user
OS=Windows_NT
PROCESSOR_IDENTIFIER=Intel64 Family 6 Model 142 Stepping 12, GenuineIntel
TMP=C:\Users\user\AppData\Local\Temp
TEMP=C:\Users\user\AppData\Local\Temp



---------------  S Y S T E M  ---------------

OS:
 Windows 11 , 64 bit Build 22621 (10.0.22621.1485)
OS uptime: 3 days 2:46 hours
Hyper-V role detected

CPU: total 4 (initial active 4) (2 cores per cpu, 2 threads per core) family 6 model 142 stepping 12 microcode 0xde, cx8, cmov, fxsr, ht, mmx, 3dnowpref, sse, sse2, sse3, ssse3, sse4.1, sse4.2, popcnt, lzcnt, tsc, tscinvbit, avx, avx2, aes, erms, clmul, bmi1, bmi2, adx, fma, vzeroupper, clflush, clflushopt, hv

Memory: 4k page, system-wide physical 8044M (216M free)
TotalPageFile size 16140M (AvailPageFile size 308M)
current process WorkingSet (physical memory assigned to process): 342M, peak: 505M
current process commit charge ("private bytes"): 580M, peak: 1010M

vm_info: OpenJDK 64-Bit Server VM (17.0.6+0-b2043.56-9586694) for windows-amd64 JRE (17.0.6+0-b2043.56-9586694), built on Feb  9 2023 20:06:20 by "androidbuild" with MS VC++ 16.10 / 16.11 (VS2019)

END.
